  [1m[35m (4.0ms)[0m  [1m[35mCREATE TABLE "schema_migrations" ("version" varchar NOT NULL PRIMARY KEY)[0m
  [1m[35m (0.3ms)[0m  [1m[35mCREATE TABLE "ar_internal_metadata" ("key" varchar NOT NULL PRIMARY KEY, "value" varchar, "created_at" datetime(6) NOT NULL, "updated_at" datetime(6) NOT NULL)[0m
  [1m[36mActiveRecord::InternalMetadata Load (0.3ms)[0m  [1m[34mSELECT * FROM "ar_internal_metadata" WHERE "ar_internal_metadata"."key" = ? ORDER BY "ar_internal_metadata"."key" ASC LIMIT 1[0m  [[nil, "environment"]]
  [1m[36mActiveRecord::InternalMetadata Create (0.2ms)[0m  [1m[32mINSERT INTO "ar_internal_metadata" ("key", "value", "created_at", "updated_at") VALUES ('environment', 'development', '2024-04-19 12:07:48.638927', '2024-04-19 12:07:48.638930') RETURNING "key"[0m
  [1m[36mActiveRecord::SchemaMigration Load (0.4ms)[0m  [1m[34mSELECT "schema_migrations"."version" FROM "schema_migrations" ORDER BY "schema_migrations"."version" ASC[0m
Migrating to CreateUsers (20240418145154)
  [1m[36mTRANSACTION (0.1ms)[0m  [1m[36mbegin transaction[0m
  [1m[35m (1.2ms)[0m  [1m[35mCREATE TABLE "users" ("id" integer PRIMARY KEY AUTOINCREMENT NOT NULL, "name" varchar, "name_user" varchar, "email" varchar, "password_digest" varchar, "created_at" datetime(6) NOT NULL, "updated_at" datetime(6) NOT NULL)[0m
  [1m[36mActiveRecord::SchemaMigration Create (0.2ms)[0m  [1m[32mINSERT INTO "schema_migrations" ("version") VALUES ('20240418145154') RETURNING "version"[0m
  [1m[36mTRANSACTION (0.1ms)[0m  [1m[36mcommit transaction[0m
Migrating to CreateArticles (20240418145248)
  [1m[36mTRANSACTION (0.1ms)[0m  [1m[36mbegin transaction[0m
  [1m[35m (2.2ms)[0m  [1m[35mCREATE TABLE "articles" ("id" integer PRIMARY KEY AUTOINCREMENT NOT NULL, "title" varchar, "body" text, "user_id" integer NOT NULL, "created_at" datetime(6) NOT NULL, "updated_at" datetime(6) NOT NULL, CONSTRAINT "fk_rails_3d31dad1cc"
FOREIGN KEY ("user_id")
  REFERENCES "users" ("id")
)[0m
  [1m[35m (0.7ms)[0m  [1m[35mCREATE INDEX "index_articles_on_user_id" ON "articles" ("user_id")[0m
  [1m[36mActiveRecord::SchemaMigration Create (0.2ms)[0m  [1m[32mINSERT INTO "schema_migrations" ("version") VALUES ('20240418145248') RETURNING "version"[0m
  [1m[36mTRANSACTION (0.2ms)[0m  [1m[36mcommit transaction[0m
Migrating to CreateComments (20240418193640)
  [1m[36mTRANSACTION (0.1ms)[0m  [1m[36mbegin transaction[0m
  [1m[35m (1.2ms)[0m  [1m[35mCREATE TABLE "comments" ("id" integer PRIMARY KEY AUTOINCREMENT NOT NULL, "author_name" varchar, "body" varchar, "article_id" integer NOT NULL, "created_at" datetime(6) NOT NULL, "updated_at" datetime(6) NOT NULL, CONSTRAINT "fk_rails_3bf61a60d3"
FOREIGN KEY ("article_id")
  REFERENCES "articles" ("id")
)[0m
  [1m[35m (0.2ms)[0m  [1m[35mCREATE INDEX "index_comments_on_article_id" ON "comments" ("article_id")[0m
  [1m[36mActiveRecord::SchemaMigration Create (0.3ms)[0m  [1m[32mINSERT INTO "schema_migrations" ("version") VALUES ('20240418193640') RETURNING "version"[0m
  [1m[36mTRANSACTION (0.3ms)[0m  [1m[36mcommit transaction[0m
  [1m[36mActiveRecord::SchemaMigration Load (0.1ms)[0m  [1m[34mSELECT "schema_migrations"."version" FROM "schema_migrations" ORDER BY "schema_migrations"."version" ASC[0m
Started POST "/" for ::1 at 2024-04-19 09:10:28 -0300
  [1m[36mActiveRecord::SchemaMigration Load (0.1ms)[0m  [1m[34mSELECT "schema_migrations"."version" FROM "schema_migrations" ORDER BY "schema_migrations"."version" ASC[0m
  
ActionController::RoutingError (No route matches [POST] "/"):
  
Started POST "/" for ::1 at 2024-04-19 09:11:51 -0300
  
ActionController::RoutingError (No route matches [POST] "/"):
  
  [1m[36mActiveRecord::SchemaMigration Load (0.2ms)[0m  [1m[34mSELECT "schema_migrations"."version" FROM "schema_migrations" ORDER BY "schema_migrations"."version" ASC[0m
  [1m[35m (664.2ms)[0m  [1m[35mCREATE DATABASE "blog_dev" ENCODING = 'unicode'[0m
  [1m[35m (38.0ms)[0m  [1m[35mCREATE TABLE "schema_migrations" ("version" character varying NOT NULL PRIMARY KEY)[0m
  [1m[35m (9.7ms)[0m  [1m[35mCREATE TABLE "ar_internal_metadata" ("key" character varying NOT NULL PRIMARY KEY, "value" character varying, "created_at" timestamp(6) NOT NULL, "updated_at" timestamp(6) NOT NULL)[0m
  [1m[35m (0.9ms)[0m  [1m[34mSELECT pg_try_advisory_lock(692055253258967955)[0m
  [1m[36mActiveRecord::SchemaMigration Load (1.6ms)[0m  [1m[34mSELECT "schema_migrations"."version" FROM "schema_migrations" ORDER BY "schema_migrations"."version" ASC[0m
  [1m[36mActiveRecord::InternalMetadata Load (2.3ms)[0m  [1m[34mSELECT * FROM "ar_internal_metadata" WHERE "ar_internal_metadata"."key" = $1 ORDER BY "ar_internal_metadata"."key" ASC LIMIT 1[0m  [[nil, "environment"]]
  [1m[36mActiveRecord::InternalMetadata Create (3.8ms)[0m  [1m[32mINSERT INTO "ar_internal_metadata" ("key", "value", "created_at", "updated_at") VALUES ('environment', 'development', '2024-04-19 12:14:11.962078', '2024-04-19 12:14:11.962085') RETURNING "key"[0m
Migrating to CreateUsers (20240418145154)
  [1m[36mTRANSACTION (0.4ms)[0m  [1m[35mBEGIN[0m
  [1m[35m (17.9ms)[0m  [1m[35mCREATE TABLE "users" ("id" bigserial primary key, "name" character varying, "name_user" character varying, "email" character varying, "password_digest" character varying, "created_at" timestamp(6) NOT NULL, "updated_at" timestamp(6) NOT NULL)[0m
  [1m[36mActiveRecord::SchemaMigration Create (1.0ms)[0m  [1m[32mINSERT INTO "schema_migrations" ("version") VALUES ('20240418145154') RETURNING "version"[0m
  [1m[36mTRANSACTION (0.6ms)[0m  [1m[35mCOMMIT[0m
Migrating to CreateArticles (20240418145248)
  [1m[36mTRANSACTION (0.3ms)[0m  [1m[35mBEGIN[0m
  [1m[35m (19.1ms)[0m  [1m[35mCREATE TABLE "articles" ("id" bigserial primary key, "title" character varying, "body" text, "user_id" bigint NOT NULL, "created_at" timestamp(6) NOT NULL, "updated_at" timestamp(6) NOT NULL, CONSTRAINT "fk_rails_3d31dad1cc"
FOREIGN KEY ("user_id")
  REFERENCES "users" ("id")
)[0m
  [1m[35m (5.1ms)[0m  [1m[35mCREATE INDEX "index_articles_on_user_id" ON "articles" ("user_id")[0m
  [1m[36mActiveRecord::SchemaMigration Create (0.6ms)[0m  [1m[32mINSERT INTO "schema_migrations" ("version") VALUES ('20240418145248') RETURNING "version"[0m
  [1m[36mTRANSACTION (0.4ms)[0m  [1m[35mCOMMIT[0m
Migrating to CreateComments (20240418193640)
  [1m[36mTRANSACTION (0.3ms)[0m  [1m[35mBEGIN[0m
  [1m[35m (13.2ms)[0m  [1m[35mCREATE TABLE "comments" ("id" bigserial primary key, "author_name" character varying, "body" character varying, "article_id" bigint NOT NULL, "created_at" timestamp(6) NOT NULL, "updated_at" timestamp(6) NOT NULL, CONSTRAINT "fk_rails_3bf61a60d3"
FOREIGN KEY ("article_id")
  REFERENCES "articles" ("id")
)[0m
  [1m[35m (2.6ms)[0m  [1m[35mCREATE INDEX "index_comments_on_article_id" ON "comments" ("article_id")[0m
  [1m[36mActiveRecord::SchemaMigration Create (0.7ms)[0m  [1m[32mINSERT INTO "schema_migrations" ("version") VALUES ('20240418193640') RETURNING "version"[0m
  [1m[36mTRANSACTION (0.7ms)[0m  [1m[35mCOMMIT[0m
  [1m[35m (0.3ms)[0m  [1m[34mSELECT pg_advisory_unlock(692055253258967955)[0m
  [1m[36mActiveRecord::SchemaMigration Load (0.3ms)[0m  [1m[34mSELECT "schema_migrations"."version" FROM "schema_migrations" ORDER BY "schema_migrations"."version" ASC[0m
Started POST "/" for ::1 at 2024-04-19 09:14:25 -0300
  [1m[36mActiveRecord::SchemaMigration Load (2.7ms)[0m  [1m[34mSELECT "schema_migrations"."version" FROM "schema_migrations" ORDER BY "schema_migrations"."version" ASC[0m
  
ActionController::RoutingError (No route matches [POST] "/"):
  
Started POST "/" for ::1 at 2024-04-19 09:27:45 -0300
  
ActionController::RoutingError (No route matches [POST] "/"):
  
Started POST "/" for ::1 at 2024-04-19 09:34:54 -0300
  
ActionController::RoutingError (No route matches [POST] "/"):
  
Started POST "/" for ::1 at 2024-04-19 09:40:41 -0300
  
ActionController::RoutingError (No route matches [POST] "/"):
  
Started POST "/" for ::1 at 2024-04-19 09:47:16 -0300
  [1m[36mActiveRecord::SchemaMigration Load (12.9ms)[0m  [1m[34mSELECT "schema_migrations"."version" FROM "schema_migrations" ORDER BY "schema_migrations"."version" ASC[0m
Redirected to http://localhost:3000/articles/new
Completed 301 Moved Permanently in 12ms


Started GET "/articles/new" for ::1 at 2024-04-19 09:47:18 -0300
Processing by ArticlesController#new as HTML
  [1m[36mUser Load (2.4ms)[0m  [1m[34mSELECT "users".* FROM "users" WHERE "users"."id" IS NULL LIMIT $1[0m  [["LIMIT", 1]]
  ↳ app/controllers/application_controller.rb:15:in `current_user'
Redirected to http://localhost:3000/login
Filter chain halted as :require_login rendered or redirected
Completed 302 Found in 420ms (ActiveRecord: 46.1ms | Allocations: 16509)


Started GET "/login" for ::1 at 2024-04-19 09:47:19 -0300
Processing by LoginController#index as HTML
  Rendering layout layouts/application.html.erb
  Rendering login/index.html.erb within layouts/application
  Rendered login/_form.html.erb (Duration: 202.1ms | Allocations: 7461)
  Rendered login/index.html.erb within layouts/application (Duration: 205.1ms | Allocations: 7918)
  Rendered layout layouts/application.html.erb (Duration: 1772.8ms | Allocations: 103415)
Completed 200 OK in 1843ms (Views: 1819.0ms | ActiveRecord: 0.0ms | Allocations: 107291)


Started GET "/register" for ::1 at 2024-04-19 09:47:26 -0300
Processing by RegisterController#index as HTML
  Rendering layout layouts/application.html.erb
  Rendering register/index.html.erb within layouts/application
  Rendered register/_new.html.erb (Duration: 6.4ms | Allocations: 5029)
  Rendered register/index.html.erb within layouts/application (Duration: 8.8ms | Allocations: 5326)
  Rendered layout layouts/application.html.erb (Duration: 13.0ms | Allocations: 6480)
Completed 200 OK in 18ms (Views: 15.7ms | ActiveRecord: 0.0ms | Allocations: 7020)


Started POST "/register" for ::1 at 2024-04-19 09:47:53 -0300
Processing by RegisterController#create as TURBO_STREAM
  Parameters: {"authenticity_token"=>"[FILTERED]", "name"=>"wesley", "name_user"=>"wtp", "email"=>"wtpadilhaa@gmail.com", "password"=>"[FILTERED]", "commit"=>"Cadastrar"}
Completed 400 Bad Request in 18ms (ActiveRecord: 0.0ms | Allocations: 887)


  
ActionController::ParameterMissing (param is missing or the value is empty: user):
  
app/controllers/articles_controller.rb:128:in `user_params'
app/controllers/articles_controller.rb:116:in `create'
Started GET "/register" for ::1 at 2024-04-19 09:47:55 -0300
Processing by RegisterController#index as HTML
  Rendering layout layouts/application.html.erb
  Rendering register/index.html.erb within layouts/application
  Rendered register/_new.html.erb (Duration: 2.2ms | Allocations: 4597)
  Rendered register/index.html.erb within layouts/application (Duration: 2.6ms | Allocations: 4681)
  Rendered layout layouts/application.html.erb (Duration: 8.0ms | Allocations: 5837)
Completed 200 OK in 10ms (Views: 8.7ms | ActiveRecord: 0.0ms | Allocations: 6101)


Started GET "/login" for ::1 at 2024-04-19 09:47:57 -0300
Processing by LoginController#index as HTML
  Rendering layout layouts/application.html.erb
  Rendering login/index.html.erb within layouts/application
  Rendered login/_form.html.erb (Duration: 2.7ms | Allocations: 2592)
  Rendered login/index.html.erb within layouts/application (Duration: 3.3ms | Allocations: 2676)
  Rendered layout layouts/application.html.erb (Duration: 7.6ms | Allocations: 3818)
Completed 200 OK in 12ms (Views: 9.0ms | ActiveRecord: 0.0ms | Allocations: 4083)


Started POST "/login" for ::1 at 2024-04-19 09:48:06 -0300
Processing by LoginController#create as TURBO_STREAM
  Parameters: {"authenticity_token"=>"[FILTERED]", "email"=>"wtpadilhaa@gmail.com", "password"=>"[FILTERED]", "commit"=>"Login"}
  [1m[36mUser Load (3.8ms)[0m  [1m[34mSELECT "users".* FROM "users" WHERE "users"."email" = $1 LIMIT $2[0m  [["email", "wtpadilhaa@gmail.com"], ["LIMIT", 1]]
  ↳ app/controllers/articles_controller.rb:92:in `create'
  Rendering layout layouts/application.html.erb
  Rendering login/index.html.erb within layouts/application
  Rendered login/_form.html.erb (Duration: 6.0ms | Allocations: 2225)
  Rendered login/index.html.erb within layouts/application (Duration: 6.6ms | Allocations: 2352)
  Rendered layout layouts/application.html.erb (Duration: 10.0ms | Allocations: 3503)
Completed 200 OK in 32ms (Views: 10.9ms | ActiveRecord: 3.8ms | Allocations: 5206)


Started POST "/login" for ::1 at 2024-04-19 09:48:08 -0300
Processing by LoginController#create as TURBO_STREAM
  Parameters: {"authenticity_token"=>"[FILTERED]", "email"=>"wtpadilhaa@gmail.com", "password"=>"[FILTERED]", "commit"=>"Login"}
  [1m[36mUser Load (0.3ms)[0m  [1m[34mSELECT "users".* FROM "users" WHERE "users"."email" = $1 LIMIT $2[0m  [["email", "wtpadilhaa@gmail.com"], ["LIMIT", 1]]
  ↳ app/controllers/articles_controller.rb:92:in `create'
  Rendering layout layouts/application.html.erb
  Rendering login/index.html.erb within layouts/application
  Rendered login/_form.html.erb (Duration: 2.3ms | Allocations: 2311)
  Rendered login/index.html.erb within layouts/application (Duration: 2.9ms | Allocations: 2399)
  Rendered layout layouts/application.html.erb (Duration: 8.1ms | Allocations: 3541)
Completed 200 OK in 13ms (Views: 9.1ms | ActiveRecord: 0.3ms | Allocations: 4506)


Started POST "/login" for ::1 at 2024-04-19 09:48:10 -0300
Processing by LoginController#create as TURBO_STREAM
  Parameters: {"authenticity_token"=>"[FILTERED]", "email"=>"wtpadilhaa@gmail.com", "password"=>"[FILTERED]", "commit"=>"Login"}
  [1m[36mUser Load (0.3ms)[0m  [1m[34mSELECT "users".* FROM "users" WHERE "users"."email" = $1 LIMIT $2[0m  [["email", "wtpadilhaa@gmail.com"], ["LIMIT", 1]]
  ↳ app/controllers/articles_controller.rb:92:in `create'
  Rendering layout layouts/application.html.erb
  Rendering login/index.html.erb within layouts/application
  Rendered login/_form.html.erb (Duration: 1.8ms | Allocations: 2312)
  Rendered login/index.html.erb within layouts/application (Duration: 2.2ms | Allocations: 2400)
  Rendered layout layouts/application.html.erb (Duration: 6.0ms | Allocations: 3546)
Completed 200 OK in 12ms (Views: 6.9ms | ActiveRecord: 0.3ms | Allocations: 4535)


Started POST "/login" for ::1 at 2024-04-19 09:48:12 -0300
Processing by LoginController#create as TURBO_STREAM
  Parameters: {"authenticity_token"=>"[FILTERED]", "email"=>"wtpadilhaa@gmail.com", "password"=>"[FILTERED]", "commit"=>"Login"}
  [1m[36mUser Load (0.3ms)[0m  [1m[34mSELECT "users".* FROM "users" WHERE "users"."email" = $1 LIMIT $2[0m  [["email", "wtpadilhaa@gmail.com"], ["LIMIT", 1]]
  ↳ app/controllers/articles_controller.rb:92:in `create'
  Rendering layout layouts/application.html.erb
  Rendering login/index.html.erb within layouts/application
  Rendered login/_form.html.erb (Duration: 1.9ms | Allocations: 2311)
  Rendered login/index.html.erb within layouts/application (Duration: 2.7ms | Allocations: 2399)
  Rendered layout layouts/application.html.erb (Duration: 6.5ms | Allocations: 3536)
Completed 200 OK in 12ms (Views: 7.5ms | ActiveRecord: 0.3ms | Allocations: 4505)


Started POST "/login" for ::1 at 2024-04-19 09:48:12 -0300
Processing by LoginController#create as TURBO_STREAM
  Parameters: {"authenticity_token"=>"[FILTERED]", "email"=>"wtpadilhaa@gmail.com", "password"=>"[FILTERED]", "commit"=>"Login"}
  [1m[36mUser Load (0.4ms)[0m  [1m[34mSELECT "users".* FROM "users" WHERE "users"."email" = $1 LIMIT $2[0m  [["email", "wtpadilhaa@gmail.com"], ["LIMIT", 1]]
  ↳ app/controllers/articles_controller.rb:92:in `create'
  Rendering layout layouts/application.html.erb
  Rendering login/index.html.erb within layouts/application
  Rendered login/_form.html.erb (Duration: 1.3ms | Allocations: 2311)
  Rendered login/index.html.erb within layouts/application (Duration: 1.9ms | Allocations: 2399)
  Rendered layout layouts/application.html.erb (Duration: 5.5ms | Allocations: 3536)
Completed 200 OK in 12ms (Views: 7.5ms | ActiveRecord: 0.4ms | Allocations: 4505)


Started POST "/login" for ::1 at 2024-04-19 09:48:12 -0300
Processing by LoginController#create as TURBO_STREAM
  Parameters: {"authenticity_token"=>"[FILTERED]", "email"=>"wtpadilhaa@gmail.com", "password"=>"[FILTERED]", "commit"=>"Login"}
  [1m[36mUser Load (0.2ms)[0m  [1m[34mSELECT "users".* FROM "users" WHERE "users"."email" = $1 LIMIT $2[0m  [["email", "wtpadilhaa@gmail.com"], ["LIMIT", 1]]
  ↳ app/controllers/articles_controller.rb:92:in `create'
  Rendering layout layouts/application.html.erb
  Rendering login/index.html.erb within layouts/application
  Rendered login/_form.html.erb (Duration: 1.4ms | Allocations: 2309)
  Rendered login/index.html.erb within layouts/application (Duration: 1.8ms | Allocations: 2397)
  Rendered layout layouts/application.html.erb (Duration: 4.6ms | Allocations: 3534)
Completed 200 OK in 10ms (Views: 5.2ms | ActiveRecord: 0.2ms | Allocations: 4511)


Started POST "/login" for ::1 at 2024-04-19 09:48:12 -0300
Processing by LoginController#create as TURBO_STREAM
  Parameters: {"authenticity_token"=>"[FILTERED]", "email"=>"wtpadilhaa@gmail.com", "password"=>"[FILTERED]", "commit"=>"Login"}
  [1m[36mUser Load (0.2ms)[0m  [1m[34mSELECT "users".* FROM "users" WHERE "users"."email" = $1 LIMIT $2[0m  [["email", "wtpadilhaa@gmail.com"], ["LIMIT", 1]]
  ↳ app/controllers/articles_controller.rb:92:in `create'
  Rendering layout layouts/application.html.erb
  Rendering login/index.html.erb within layouts/application
  Rendered login/_form.html.erb (Duration: 0.9ms | Allocations: 2309)
  Rendered login/index.html.erb within layouts/application (Duration: 1.5ms | Allocations: 2397)
  Rendered layout layouts/application.html.erb (Duration: 4.8ms | Allocations: 3534)
Completed 200 OK in 10ms (Views: 5.8ms | ActiveRecord: 0.2ms | Allocations: 4502)


Started POST "/login" for ::1 at 2024-04-19 09:48:12 -0300
Processing by LoginController#create as TURBO_STREAM
  Parameters: {"authenticity_token"=>"[FILTERED]", "email"=>"wtpadilhaa@gmail.com", "password"=>"[FILTERED]", "commit"=>"Login"}
  [1m[36mUser Load (0.2ms)[0m  [1m[34mSELECT "users".* FROM "users" WHERE "users"."email" = $1 LIMIT $2[0m  [["email", "wtpadilhaa@gmail.com"], ["LIMIT", 1]]
  ↳ app/controllers/articles_controller.rb:92:in `create'
  Rendering layout layouts/application.html.erb
  Rendering login/index.html.erb within layouts/application
  Rendered login/_form.html.erb (Duration: 0.9ms | Allocations: 2309)
  Rendered login/index.html.erb within layouts/application (Duration: 1.5ms | Allocations: 2397)
  Rendered layout layouts/application.html.erb (Duration: 5.0ms | Allocations: 3534)
Completed 200 OK in 10ms (Views: 5.9ms | ActiveRecord: 0.2ms | Allocations: 4505)


Started POST "/login" for ::1 at 2024-04-19 09:48:13 -0300
Processing by LoginController#create as TURBO_STREAM
  Parameters: {"authenticity_token"=>"[FILTERED]", "email"=>"wtpadilhaa@gmail.com", "password"=>"[FILTERED]", "commit"=>"Login"}
  [1m[36mUser Load (0.2ms)[0m  [1m[34mSELECT "users".* FROM "users" WHERE "users"."email" = $1 LIMIT $2[0m  [["email", "wtpadilhaa@gmail.com"], ["LIMIT", 1]]
  ↳ app/controllers/articles_controller.rb:92:in `create'
  Rendering layout layouts/application.html.erb
  Rendering login/index.html.erb within layouts/application
  Rendered login/_form.html.erb (Duration: 1.4ms | Allocations: 2309)
  Rendered login/index.html.erb within layouts/application (Duration: 1.9ms | Allocations: 2397)
  Rendered layout layouts/application.html.erb (Duration: 5.3ms | Allocations: 3534)
Completed 200 OK in 11ms (Views: 6.3ms | ActiveRecord: 0.2ms | Allocations: 4532)


Started POST "/login" for ::1 at 2024-04-19 09:48:13 -0300
Processing by LoginController#create as TURBO_STREAM
  Parameters: {"authenticity_token"=>"[FILTERED]", "email"=>"wtpadilhaa@gmail.com", "password"=>"[FILTERED]", "commit"=>"Login"}
  [1m[36mUser Load (0.1ms)[0m  [1m[34mSELECT "users".* FROM "users" WHERE "users"."email" = $1 LIMIT $2[0m  [["email", "wtpadilhaa@gmail.com"], ["LIMIT", 1]]
  ↳ app/controllers/articles_controller.rb:92:in `create'
  Rendering layout layouts/application.html.erb
  Rendering login/index.html.erb within layouts/application
  Rendered login/_form.html.erb (Duration: 1.4ms | Allocations: 2309)
  Rendered login/index.html.erb within layouts/application (Duration: 1.8ms | Allocations: 2397)
  Rendered layout layouts/application.html.erb (Duration: 5.5ms | Allocations: 3534)
Completed 200 OK in 10ms (Views: 6.2ms | ActiveRecord: 0.1ms | Allocations: 4496)


Started POST "/login" for ::1 at 2024-04-19 09:48:13 -0300
Processing by LoginController#create as TURBO_STREAM
  Parameters: {"authenticity_token"=>"[FILTERED]", "email"=>"wtpadilhaa@gmail.com", "password"=>"[FILTERED]", "commit"=>"Login"}
  [1m[36mUser Load (0.2ms)[0m  [1m[34mSELECT "users".* FROM "users" WHERE "users"."email" = $1 LIMIT $2[0m  [["email", "wtpadilhaa@gmail.com"], ["LIMIT", 1]]
  ↳ app/controllers/articles_controller.rb:92:in `create'
  Rendering layout layouts/application.html.erb
  Rendering login/index.html.erb within layouts/application
  Rendered login/_form.html.erb (Duration: 2.0ms | Allocations: 2309)
  Rendered login/index.html.erb within layouts/application (Duration: 2.5ms | Allocations: 2397)
  Rendered layout layouts/application.html.erb (Duration: 8.5ms | Allocations: 3534)
Completed 200 OK in 16ms (Views: 9.4ms | ActiveRecord: 0.2ms | Allocations: 4496)


Started POST "/login" for ::1 at 2024-04-19 09:48:13 -0300
Processing by LoginController#create as TURBO_STREAM
  Parameters: {"authenticity_token"=>"[FILTERED]", "email"=>"wtpadilhaa@gmail.com", "password"=>"[FILTERED]", "commit"=>"Login"}
  [1m[36mUser Load (0.1ms)[0m  [1m[34mSELECT "users".* FROM "users" WHERE "users"."email" = $1 LIMIT $2[0m  [["email", "wtpadilhaa@gmail.com"], ["LIMIT", 1]]
  ↳ app/controllers/articles_controller.rb:92:in `create'
  Rendering layout layouts/application.html.erb
  Rendering login/index.html.erb within layouts/application
  Rendered login/_form.html.erb (Duration: 0.8ms | Allocations: 2309)
  Rendered login/index.html.erb within layouts/application (Duration: 1.1ms | Allocations: 2397)
  Rendered layout layouts/application.html.erb (Duration: 4.5ms | Allocations: 3534)
Completed 200 OK in 9ms (Views: 5.1ms | ActiveRecord: 0.1ms | Allocations: 4496)


Started POST "/login" for ::1 at 2024-04-19 09:48:13 -0300
Processing by LoginController#create as TURBO_STREAM
  Parameters: {"authenticity_token"=>"[FILTERED]", "email"=>"wtpadilhaa@gmail.com", "password"=>"[FILTERED]", "commit"=>"Login"}
  [1m[36mUser Load (0.2ms)[0m  [1m[34mSELECT "users".* FROM "users" WHERE "users"."email" = $1 LIMIT $2[0m  [["email", "wtpadilhaa@gmail.com"], ["LIMIT", 1]]
  ↳ app/controllers/articles_controller.rb:92:in `create'
  Rendering layout layouts/application.html.erb
  Rendering login/index.html.erb within layouts/application
  Rendered login/_form.html.erb (Duration: 1.0ms | Allocations: 2309)
  Rendered login/index.html.erb within layouts/application (Duration: 1.4ms | Allocations: 2397)
  Rendered layout layouts/application.html.erb (Duration: 5.5ms | Allocations: 3535)
Completed 200 OK in 10ms (Views: 6.3ms | ActiveRecord: 0.2ms | Allocations: 4497)


Started POST "/login" for ::1 at 2024-04-19 09:48:13 -0300
Processing by LoginController#create as TURBO_STREAM
  Parameters: {"authenticity_token"=>"[FILTERED]", "email"=>"wtpadilhaa@gmail.com", "password"=>"[FILTERED]", "commit"=>"Login"}
  [1m[36mUser Load (0.2ms)[0m  [1m[34mSELECT "users".* FROM "users" WHERE "users"."email" = $1 LIMIT $2[0m  [["email", "wtpadilhaa@gmail.com"], ["LIMIT", 1]]
  ↳ app/controllers/articles_controller.rb:92:in `create'
  Rendering layout layouts/application.html.erb
  Rendering login/index.html.erb within layouts/application
  Rendered login/_form.html.erb (Duration: 0.9ms | Allocations: 2309)
  Rendered login/index.html.erb within layouts/application (Duration: 1.3ms | Allocations: 2397)
  Rendered layout layouts/application.html.erb (Duration: 5.0ms | Allocations: 3534)
Completed 200 OK in 12ms (Views: 6.1ms | ActiveRecord: 0.2ms | Allocations: 4499)


Started POST "/login" for ::1 at 2024-04-19 09:48:14 -0300
Processing by LoginController#create as TURBO_STREAM
  Parameters: {"authenticity_token"=>"[FILTERED]", "email"=>"wtpadilhaa@gmail.com", "password"=>"[FILTERED]", "commit"=>"Login"}
  [1m[36mUser Load (0.2ms)[0m  [1m[34mSELECT "users".* FROM "users" WHERE "users"."email" = $1 LIMIT $2[0m  [["email", "wtpadilhaa@gmail.com"], ["LIMIT", 1]]
  ↳ app/controllers/articles_controller.rb:92:in `create'
  Rendering layout layouts/application.html.erb
  Rendering login/index.html.erb within layouts/application
  Rendered login/_form.html.erb (Duration: 1.0ms | Allocations: 2309)
  Rendered login/index.html.erb within layouts/application (Duration: 1.6ms | Allocations: 2397)
  Rendered layout layouts/application.html.erb (Duration: 5.3ms | Allocations: 3534)
Completed 200 OK in 10ms (Views: 6.2ms | ActiveRecord: 0.2ms | Allocations: 4496)


Started POST "/login" for ::1 at 2024-04-19 09:48:14 -0300
Processing by LoginController#create as TURBO_STREAM
  Parameters: {"authenticity_token"=>"[FILTERED]", "email"=>"wtpadilhaa@gmail.com", "password"=>"[FILTERED]", "commit"=>"Login"}
  [1m[36mUser Load (0.2ms)[0m  [1m[34mSELECT "users".* FROM "users" WHERE "users"."email" = $1 LIMIT $2[0m  [["email", "wtpadilhaa@gmail.com"], ["LIMIT", 1]]
  ↳ app/controllers/articles_controller.rb:92:in `create'
  Rendering layout layouts/application.html.erb
  Rendering login/index.html.erb within layouts/application
  Rendered login/_form.html.erb (Duration: 2.6ms | Allocations: 2309)
  Rendered login/index.html.erb within layouts/application (Duration: 3.2ms | Allocations: 2397)
  Rendered layout layouts/application.html.erb (Duration: 8.4ms | Allocations: 3548)
Completed 200 OK in 14ms (Views: 9.2ms | ActiveRecord: 0.2ms | Allocations: 4516)


Started POST "/login" for ::1 at 2024-04-19 09:48:14 -0300
Processing by LoginController#create as TURBO_STREAM
  Parameters: {"authenticity_token"=>"[FILTERED]", "email"=>"wtpadilhaa@gmail.com", "password"=>"[FILTERED]", "commit"=>"Login"}
  [1m[36mUser Load (0.2ms)[0m  [1m[34mSELECT "users".* FROM "users" WHERE "users"."email" = $1 LIMIT $2[0m  [["email", "wtpadilhaa@gmail.com"], ["LIMIT", 1]]
  ↳ app/controllers/articles_controller.rb:92:in `create'
  Rendering layout layouts/application.html.erb
  Rendering login/index.html.erb within layouts/application
  Rendered login/_form.html.erb (Duration: 1.3ms | Allocations: 2309)
  Rendered login/index.html.erb within layouts/application (Duration: 1.9ms | Allocations: 2397)
  Rendered layout layouts/application.html.erb (Duration: 5.3ms | Allocations: 3539)
Completed 200 OK in 12ms (Views: 7.3ms | ActiveRecord: 0.2ms | Allocations: 4507)


Started POST "/login" for ::1 at 2024-04-19 09:48:14 -0300
Processing by LoginController#create as TURBO_STREAM
  Parameters: {"authenticity_token"=>"[FILTERED]", "email"=>"wtpadilhaa@gmail.com", "password"=>"[FILTERED]", "commit"=>"Login"}
  [1m[36mUser Load (0.2ms)[0m  [1m[34mSELECT "users".* FROM "users" WHERE "users"."email" = $1 LIMIT $2[0m  [["email", "wtpadilhaa@gmail.com"], ["LIMIT", 1]]
  ↳ app/controllers/articles_controller.rb:92:in `create'
  Rendering layout layouts/application.html.erb
  Rendering login/index.html.erb within layouts/application
  Rendered login/_form.html.erb (Duration: 1.3ms | Allocations: 2311)
  Rendered login/index.html.erb within layouts/application (Duration: 1.8ms | Allocations: 2399)
  Rendered layout layouts/application.html.erb (Duration: 5.3ms | Allocations: 3544)
Completed 200 OK in 10ms (Views: 6.0ms | ActiveRecord: 0.2ms | Allocations: 4506)


Started POST "/login" for ::1 at 2024-04-19 09:48:14 -0300
Processing by LoginController#create as TURBO_STREAM
  Parameters: {"authenticity_token"=>"[FILTERED]", "email"=>"wtpadilhaa@gmail.com", "password"=>"[FILTERED]", "commit"=>"Login"}
  [1m[36mUser Load (0.2ms)[0m  [1m[34mSELECT "users".* FROM "users" WHERE "users"."email" = $1 LIMIT $2[0m  [["email", "wtpadilhaa@gmail.com"], ["LIMIT", 1]]
  ↳ app/controllers/articles_controller.rb:92:in `create'
  Rendering layout layouts/application.html.erb
  Rendering login/index.html.erb within layouts/application
  Rendered login/_form.html.erb (Duration: 2.3ms | Allocations: 2311)
  Rendered login/index.html.erb within layouts/application (Duration: 2.9ms | Allocations: 2399)
  Rendered layout layouts/application.html.erb (Duration: 6.6ms | Allocations: 3536)
Completed 200 OK in 12ms (Views: 7.6ms | ActiveRecord: 0.2ms | Allocations: 4504)


Started POST "/login" for ::1 at 2024-04-19 09:48:14 -0300
Processing by LoginController#create as TURBO_STREAM
  Parameters: {"authenticity_token"=>"[FILTERED]", "email"=>"wtpadilhaa@gmail.com", "password"=>"[FILTERED]", "commit"=>"Login"}
  [1m[36mUser Load (0.2ms)[0m  [1m[34mSELECT "users".* FROM "users" WHERE "users"."email" = $1 LIMIT $2[0m  [["email", "wtpadilhaa@gmail.com"], ["LIMIT", 1]]
  ↳ app/controllers/articles_controller.rb:92:in `create'
  Rendering layout layouts/application.html.erb
  Rendering login/index.html.erb within layouts/application
  Rendered login/_form.html.erb (Duration: 1.3ms | Allocations: 2309)
  Rendered login/index.html.erb within layouts/application (Duration: 1.8ms | Allocations: 2397)
  Rendered layout layouts/application.html.erb (Duration: 5.1ms | Allocations: 3534)
Completed 200 OK in 10ms (Views: 5.8ms | ActiveRecord: 0.2ms | Allocations: 4502)


Started POST "/login" for ::1 at 2024-04-19 09:48:18 -0300
Processing by LoginController#create as TURBO_STREAM
  Parameters: {"authenticity_token"=>"[FILTERED]", "email"=>"wtpadilhaa@gmail.com", "password"=>"[FILTERED]", "commit"=>"Login"}
  [1m[36mUser Load (0.2ms)[0m  [1m[34mSELECT "users".* FROM "users" WHERE "users"."email" = $1 LIMIT $2[0m  [["email", "wtpadilhaa@gmail.com"], ["LIMIT", 1]]
  ↳ app/controllers/articles_controller.rb:92:in `create'
  Rendering layout layouts/application.html.erb
  Rendering login/index.html.erb within layouts/application
  Rendered login/_form.html.erb (Duration: 1.2ms | Allocations: 2311)
  Rendered login/index.html.erb within layouts/application (Duration: 1.8ms | Allocations: 2399)
  Rendered layout layouts/application.html.erb (Duration: 7.6ms | Allocations: 3536)
Completed 200 OK in 13ms (Views: 8.6ms | ActiveRecord: 0.2ms | Allocations: 4507)


Started POST "/login" for ::1 at 2024-04-19 09:48:18 -0300
Processing by LoginController#create as TURBO_STREAM
  Parameters: {"authenticity_token"=>"[FILTERED]", "email"=>"wtpadilhaa@gmail.com", "password"=>"[FILTERED]", "commit"=>"Login"}
  [1m[36mUser Load (0.1ms)[0m  [1m[34mSELECT "users".* FROM "users" WHERE "users"."email" = $1 LIMIT $2[0m  [["email", "wtpadilhaa@gmail.com"], ["LIMIT", 1]]
  ↳ app/controllers/articles_controller.rb:92:in `create'
  Rendering layout layouts/application.html.erb
  Rendering login/index.html.erb within layouts/application
  Rendered login/_form.html.erb (Duration: 4.7ms | Allocations: 2311)
  Rendered login/index.html.erb within layouts/application (Duration: 5.2ms | Allocations: 2399)
  Rendered layout layouts/application.html.erb (Duration: 8.6ms | Allocations: 3536)
Completed 200 OK in 14ms (Views: 9.4ms | ActiveRecord: 0.1ms | Allocations: 4501)


Started POST "/login" for ::1 at 2024-04-19 09:48:19 -0300
Processing by LoginController#create as TURBO_STREAM
  Parameters: {"authenticity_token"=>"[FILTERED]", "email"=>"wtpadilhaa@gmail.com", "password"=>"[FILTERED]", "commit"=>"Login"}
  [1m[36mUser Load (0.2ms)[0m  [1m[34mSELECT "users".* FROM "users" WHERE "users"."email" = $1 LIMIT $2[0m  [["email", "wtpadilhaa@gmail.com"], ["LIMIT", 1]]
  ↳ app/controllers/articles_controller.rb:92:in `create'
  Rendering layout layouts/application.html.erb
  Rendering login/index.html.erb within layouts/application
  Rendered login/_form.html.erb (Duration: 1.1ms | Allocations: 2311)
  Rendered login/index.html.erb within layouts/application (Duration: 1.6ms | Allocations: 2399)
  Rendered layout layouts/application.html.erb (Duration: 5.3ms | Allocations: 3536)
Completed 200 OK in 12ms (Views: 6.1ms | ActiveRecord: 0.2ms | Allocations: 4501)


Started POST "/login" for ::1 at 2024-04-19 09:48:19 -0300
Processing by LoginController#create as TURBO_STREAM
  Parameters: {"authenticity_token"=>"[FILTERED]", "email"=>"wtpadilhaa@gmail.com", "password"=>"[FILTERED]", "commit"=>"Login"}
  [1m[36mUser Load (0.1ms)[0m  [1m[34mSELECT "users".* FROM "users" WHERE "users"."email" = $1 LIMIT $2[0m  [["email", "wtpadilhaa@gmail.com"], ["LIMIT", 1]]
  ↳ app/controllers/articles_controller.rb:92:in `create'
  Rendering layout layouts/application.html.erb
  Rendering login/index.html.erb within layouts/application
  Rendered login/_form.html.erb (Duration: 1.4ms | Allocations: 2309)
  Rendered login/index.html.erb within layouts/application (Duration: 1.8ms | Allocations: 2397)
  Rendered layout layouts/application.html.erb (Duration: 4.9ms | Allocations: 3534)
Completed 200 OK in 9ms (Views: 5.6ms | ActiveRecord: 0.1ms | Allocations: 4511)


Started POST "/login" for ::1 at 2024-04-19 09:48:19 -0300
Processing by LoginController#create as TURBO_STREAM
  Parameters: {"authenticity_token"=>"[FILTERED]", "email"=>"wtpadilhaa@gmail.com", "password"=>"[FILTERED]", "commit"=>"Login"}
  [1m[36mUser Load (0.2ms)[0m  [1m[34mSELECT "users".* FROM "users" WHERE "users"."email" = $1 LIMIT $2[0m  [["email", "wtpadilhaa@gmail.com"], ["LIMIT", 1]]
  ↳ app/controllers/articles_controller.rb:92:in `create'
  Rendering layout layouts/application.html.erb
  Rendering login/index.html.erb within layouts/application
  Rendered login/_form.html.erb (Duration: 0.9ms | Allocations: 2309)
  Rendered login/index.html.erb within layouts/application (Duration: 1.4ms | Allocations: 2397)
  Rendered layout layouts/application.html.erb (Duration: 4.4ms | Allocations: 3534)
Completed 200 OK in 9ms (Views: 5.1ms | ActiveRecord: 0.2ms | Allocations: 4505)


Started POST "/login" for ::1 at 2024-04-19 09:48:19 -0300
Processing by LoginController#create as TURBO_STREAM
  Parameters: {"authenticity_token"=>"[FILTERED]", "email"=>"wtpadilhaa@gmail.com", "password"=>"[FILTERED]", "commit"=>"Login"}
  [1m[36mUser Load (0.2ms)[0m  [1m[34mSELECT "users".* FROM "users" WHERE "users"."email" = $1 LIMIT $2[0m  [["email", "wtpadilhaa@gmail.com"], ["LIMIT", 1]]
  ↳ app/controllers/articles_controller.rb:92:in `create'
  Rendering layout layouts/application.html.erb
  Rendering login/index.html.erb within layouts/application
  Rendered login/_form.html.erb (Duration: 1.0ms | Allocations: 2311)
  Rendered login/index.html.erb within layouts/application (Duration: 1.6ms | Allocations: 2399)
  Rendered layout layouts/application.html.erb (Duration: 4.8ms | Allocations: 3536)
Completed 200 OK in 10ms (Views: 5.6ms | ActiveRecord: 0.2ms | Allocations: 4498)


Started POST "/login" for ::1 at 2024-04-19 09:48:19 -0300
Processing by LoginController#create as TURBO_STREAM
  Parameters: {"authenticity_token"=>"[FILTERED]", "email"=>"wtpadilhaa@gmail.com", "password"=>"[FILTERED]", "commit"=>"Login"}
  [1m[36mUser Load (0.2ms)[0m  [1m[34mSELECT "users".* FROM "users" WHERE "users"."email" = $1 LIMIT $2[0m  [["email", "wtpadilhaa@gmail.com"], ["LIMIT", 1]]
  ↳ app/controllers/articles_controller.rb:92:in `create'
  Rendering layout layouts/application.html.erb
  Rendering login/index.html.erb within layouts/application
  Rendered login/_form.html.erb (Duration: 1.2ms | Allocations: 2309)
  Rendered login/index.html.erb within layouts/application (Duration: 1.7ms | Allocations: 2397)
  Rendered layout layouts/application.html.erb (Duration: 6.6ms | Allocations: 3534)
Completed 200 OK in 12ms (Views: 7.5ms | ActiveRecord: 0.2ms | Allocations: 4487)


Started POST "/login" for ::1 at 2024-04-19 09:48:19 -0300
Processing by LoginController#create as TURBO_STREAM
  Parameters: {"authenticity_token"=>"[FILTERED]", "email"=>"wtpadilhaa@gmail.com", "password"=>"[FILTERED]", "commit"=>"Login"}
  [1m[36mUser Load (0.2ms)[0m  [1m[34mSELECT "users".* FROM "users" WHERE "users"."email" = $1 LIMIT $2[0m  [["email", "wtpadilhaa@gmail.com"], ["LIMIT", 1]]
  ↳ app/controllers/articles_controller.rb:92:in `create'
  Rendering layout layouts/application.html.erb
  Rendering login/index.html.erb within layouts/application
  Rendered login/_form.html.erb (Duration: 0.9ms | Allocations: 2309)
  Rendered login/index.html.erb within layouts/application (Duration: 1.4ms | Allocations: 2397)
  Rendered layout layouts/application.html.erb (Duration: 4.6ms | Allocations: 3535)
Completed 200 OK in 11ms (Views: 5.5ms | ActiveRecord: 0.2ms | Allocations: 4503)


Started POST "/login" for ::1 at 2024-04-19 09:48:20 -0300
Processing by LoginController#create as TURBO_STREAM
  Parameters: {"authenticity_token"=>"[FILTERED]", "email"=>"wtpadilhaa@gmail.com", "password"=>"[FILTERED]", "commit"=>"Login"}
  [1m[36mUser Load (0.2ms)[0m  [1m[34mSELECT "users".* FROM "users" WHERE "users"."email" = $1 LIMIT $2[0m  [["email", "wtpadilhaa@gmail.com"], ["LIMIT", 1]]
  ↳ app/controllers/articles_controller.rb:92:in `create'
  Rendering layout layouts/application.html.erb
  Rendering login/index.html.erb within layouts/application
  Rendered login/_form.html.erb (Duration: 0.9ms | Allocations: 2309)
  Rendered login/index.html.erb within layouts/application (Duration: 1.4ms | Allocations: 2397)
  Rendered layout layouts/application.html.erb (Duration: 4.6ms | Allocations: 3534)
Completed 200 OK in 9ms (Views: 5.6ms | ActiveRecord: 0.2ms | Allocations: 4502)


Started POST "/login" for ::1 at 2024-04-19 09:48:20 -0300
Processing by LoginController#create as TURBO_STREAM
  Parameters: {"authenticity_token"=>"[FILTERED]", "email"=>"wtpadilhaa@gmail.com", "password"=>"[FILTERED]", "commit"=>"Login"}
  [1m[36mUser Load (0.2ms)[0m  [1m[34mSELECT "users".* FROM "users" WHERE "users"."email" = $1 LIMIT $2[0m  [["email", "wtpadilhaa@gmail.com"], ["LIMIT", 1]]
  ↳ app/controllers/articles_controller.rb:92:in `create'
  Rendering layout layouts/application.html.erb
  Rendering login/index.html.erb within layouts/application
  Rendered login/_form.html.erb (Duration: 0.9ms | Allocations: 2309)
  Rendered login/index.html.erb within layouts/application (Duration: 1.2ms | Allocations: 2397)
  Rendered layout layouts/application.html.erb (Duration: 4.7ms | Allocations: 3534)
Completed 200 OK in 10ms (Views: 6.3ms | ActiveRecord: 0.2ms | Allocations: 4481)


Started POST "/login" for ::1 at 2024-04-19 09:48:20 -0300
Processing by LoginController#create as TURBO_STREAM
  Parameters: {"authenticity_token"=>"[FILTERED]", "email"=>"wtpadilhaa@gmail.com", "password"=>"[FILTERED]", "commit"=>"Login"}
  [1m[36mUser Load (0.2ms)[0m  [1m[34mSELECT "users".* FROM "users" WHERE "users"."email" = $1 LIMIT $2[0m  [["email", "wtpadilhaa@gmail.com"], ["LIMIT", 1]]
  ↳ app/controllers/articles_controller.rb:92:in `create'
  Rendering layout layouts/application.html.erb
  Rendering login/index.html.erb within layouts/application
  Rendered login/_form.html.erb (Duration: 2.4ms | Allocations: 2309)
  Rendered login/index.html.erb within layouts/application (Duration: 3.0ms | Allocations: 2397)
  Rendered layout layouts/application.html.erb (Duration: 6.2ms | Allocations: 3548)
Completed 200 OK in 11ms (Views: 7.6ms | ActiveRecord: 0.2ms | Allocations: 4504)


Started POST "/login" for ::1 at 2024-04-19 09:48:20 -0300
Processing by LoginController#create as TURBO_STREAM
  Parameters: {"authenticity_token"=>"[FILTERED]", "email"=>"wtpadilhaa@gmail.com", "password"=>"[FILTERED]", "commit"=>"Login"}
  [1m[36mUser Load (0.2ms)[0m  [1m[34mSELECT "users".* FROM "users" WHERE "users"."email" = $1 LIMIT $2[0m  [["email", "wtpadilhaa@gmail.com"], ["LIMIT", 1]]
  ↳ app/controllers/articles_controller.rb:92:in `create'
  Rendering layout layouts/application.html.erb
  Rendering login/index.html.erb within layouts/application
  Rendered login/_form.html.erb (Duration: 1.4ms | Allocations: 2309)
  Rendered login/index.html.erb within layouts/application (Duration: 1.9ms | Allocations: 2397)
  Rendered layout layouts/application.html.erb (Duration: 5.4ms | Allocations: 3539)
Completed 200 OK in 10ms (Views: 6.3ms | ActiveRecord: 0.2ms | Allocations: 4522)


Started POST "/login" for ::1 at 2024-04-19 09:48:20 -0300
Processing by LoginController#create as TURBO_STREAM
  Parameters: {"authenticity_token"=>"[FILTERED]", "email"=>"wtpadilhaa@gmail.com", "password"=>"[FILTERED]", "commit"=>"Login"}
  [1m[36mUser Load (0.2ms)[0m  [1m[34mSELECT "users".* FROM "users" WHERE "users"."email" = $1 LIMIT $2[0m  [["email", "wtpadilhaa@gmail.com"], ["LIMIT", 1]]
  ↳ app/controllers/articles_controller.rb:92:in `create'
  Rendering layout layouts/application.html.erb
  Rendering login/index.html.erb within layouts/application
  Rendered login/_form.html.erb (Duration: 1.5ms | Allocations: 2309)
  Rendered login/index.html.erb within layouts/application (Duration: 2.1ms | Allocations: 2397)
  Rendered layout layouts/application.html.erb (Duration: 5.4ms | Allocations: 3542)
Completed 200 OK in 10ms (Views: 6.4ms | ActiveRecord: 0.2ms | Allocations: 4519)


Started POST "/login" for ::1 at 2024-04-19 09:48:20 -0300
Processing by LoginController#create as TURBO_STREAM
  Parameters: {"authenticity_token"=>"[FILTERED]", "email"=>"wtpadilhaa@gmail.com", "password"=>"[FILTERED]", "commit"=>"Login"}
  [1m[36mUser Load (0.3ms)[0m  [1m[34mSELECT "users".* FROM "users" WHERE "users"."email" = $1 LIMIT $2[0m  [["email", "wtpadilhaa@gmail.com"], ["LIMIT", 1]]
  ↳ app/controllers/articles_controller.rb:92:in `create'
  Rendering layout layouts/application.html.erb
  Rendering login/index.html.erb within layouts/application
  Rendered login/_form.html.erb (Duration: 1.3ms | Allocations: 2309)
  Rendered login/index.html.erb within layouts/application (Duration: 1.8ms | Allocations: 2397)
  Rendered layout layouts/application.html.erb (Duration: 5.1ms | Allocations: 3534)
Completed 200 OK in 10ms (Views: 5.9ms | ActiveRecord: 0.2ms | Allocations: 4508)


Started POST "/login" for ::1 at 2024-04-19 09:48:21 -0300
Processing by LoginController#create as TURBO_STREAM
  Parameters: {"authenticity_token"=>"[FILTERED]", "email"=>"wtpadilhaa@gmail.com", "password"=>"[FILTERED]", "commit"=>"Login"}
  [1m[36mUser Load (0.2ms)[0m  [1m[34mSELECT "users".* FROM "users" WHERE "users"."email" = $1 LIMIT $2[0m  [["email", "wtpadilhaa@gmail.com"], ["LIMIT", 1]]
  ↳ app/controllers/articles_controller.rb:92:in `create'
  Rendering layout layouts/application.html.erb
  Rendering login/index.html.erb within layouts/application
  Rendered login/_form.html.erb (Duration: 1.0ms | Allocations: 2309)
  Rendered login/index.html.erb within layouts/application (Duration: 1.6ms | Allocations: 2397)
  Rendered layout layouts/application.html.erb (Duration: 4.7ms | Allocations: 3534)
Completed 200 OK in 9ms (Views: 5.7ms | ActiveRecord: 0.2ms | Allocations: 4502)


Started POST "/login" for ::1 at 2024-04-19 09:48:21 -0300
Processing by LoginController#create as TURBO_STREAM
  Parameters: {"authenticity_token"=>"[FILTERED]", "email"=>"wtpadilhaa@gmail.com", "password"=>"[FILTERED]", "commit"=>"Login"}
  [1m[36mUser Load (0.2ms)[0m  [1m[34mSELECT "users".* FROM "users" WHERE "users"."email" = $1 LIMIT $2[0m  [["email", "wtpadilhaa@gmail.com"], ["LIMIT", 1]]
  ↳ app/controllers/articles_controller.rb:92:in `create'
  Rendering layout layouts/application.html.erb
  Rendering login/index.html.erb within layouts/application
  Rendered login/_form.html.erb (Duration: 1.0ms | Allocations: 2309)
  Rendered login/index.html.erb within layouts/application (Duration: 1.5ms | Allocations: 2397)
  Rendered layout layouts/application.html.erb (Duration: 4.7ms | Allocations: 3534)
Completed 200 OK in 9ms (Views: 5.6ms | ActiveRecord: 0.2ms | Allocations: 4502)


Started POST "/login" for ::1 at 2024-04-19 09:48:23 -0300
Processing by LoginController#create as TURBO_STREAM
  Parameters: {"authenticity_token"=>"[FILTERED]", "email"=>"wtpadilhaa@gmail.com", "password"=>"[FILTERED]", "commit"=>"Login"}
  [1m[36mUser Load (0.2ms)[0m  [1m[34mSELECT "users".* FROM "users" WHERE "users"."email" = $1 LIMIT $2[0m  [["email", "wtpadilhaa@gmail.com"], ["LIMIT", 1]]
  ↳ app/controllers/articles_controller.rb:92:in `create'
  Rendering layout layouts/application.html.erb
  Rendering login/index.html.erb within layouts/application
  Rendered login/_form.html.erb (Duration: 1.6ms | Allocations: 2311)
  Rendered login/index.html.erb within layouts/application (Duration: 2.5ms | Allocations: 2399)
  Rendered layout layouts/application.html.erb (Duration: 5.6ms | Allocations: 3536)
Completed 200 OK in 11ms (Views: 6.3ms | ActiveRecord: 0.2ms | Allocations: 4516)


Started GET "/register" for ::1 at 2024-04-19 09:48:24 -0300
Processing by RegisterController#index as HTML
  Rendering layout layouts/application.html.erb
  Rendering register/index.html.erb within layouts/application
  Rendered register/_new.html.erb (Duration: 4.0ms | Allocations: 4604)
  Rendered register/index.html.erb within layouts/application (Duration: 4.9ms | Allocations: 4688)
  Rendered layout layouts/application.html.erb (Duration: 11.0ms | Allocations: 5829)
Completed 200 OK in 14ms (Views: 12.2ms | ActiveRecord: 0.0ms | Allocations: 6092)


Started GET "/login" for ::1 at 2024-04-19 09:48:25 -0300
Processing by LoginController#index as HTML
  Rendering layout layouts/application.html.erb
  Rendering login/index.html.erb within layouts/application
  Rendered login/_form.html.erb (Duration: 1.4ms | Allocations: 2585)
  Rendered login/index.html.erb within layouts/application (Duration: 1.9ms | Allocations: 2669)
  Rendered layout layouts/application.html.erb (Duration: 6.5ms | Allocations: 3810)
Completed 200 OK in 9ms (Views: 7.4ms | ActiveRecord: 0.0ms | Allocations: 4073)


Started POST "/login" for ::1 at 2024-04-19 09:48:28 -0300
Processing by LoginController#create as TURBO_STREAM
  Parameters: {"authenticity_token"=>"[FILTERED]", "email"=>"weseupwpc@gmail.com", "password"=>"[FILTERED]", "commit"=>"Login"}
  [1m[36mUser Load (0.3ms)[0m  [1m[34mSELECT "users".* FROM "users" WHERE "users"."email" = $1 LIMIT $2[0m  [["email", "weseupwpc@gmail.com"], ["LIMIT", 1]]
  ↳ app/controllers/articles_controller.rb:92:in `create'
  Rendering layout layouts/application.html.erb
  Rendering login/index.html.erb within layouts/application
  Rendered login/_form.html.erb (Duration: 1.1ms | Allocations: 2311)
  Rendered login/index.html.erb within layouts/application (Duration: 1.7ms | Allocations: 2399)
  Rendered layout layouts/application.html.erb (Duration: 5.1ms | Allocations: 3536)
Completed 200 OK in 10ms (Views: 6.2ms | ActiveRecord: 0.3ms | Allocations: 4498)


Started POST "/login" for ::1 at 2024-04-19 09:48:30 -0300
Processing by LoginController#create as TURBO_STREAM
  Parameters: {"authenticity_token"=>"[FILTERED]", "email"=>"weseupwpc@gmail.com", "password"=>"[FILTERED]", "commit"=>"Login"}
  [1m[36mUser Load (0.2ms)[0m  [1m[34mSELECT "users".* FROM "users" WHERE "users"."email" = $1 LIMIT $2[0m  [["email", "weseupwpc@gmail.com"], ["LIMIT", 1]]
  ↳ app/controllers/articles_controller.rb:92:in `create'
  Rendering layout layouts/application.html.erb
  Rendering login/index.html.erb within layouts/application
  Rendered login/_form.html.erb (Duration: 3.7ms | Allocations: 2311)
  Rendered login/index.html.erb within layouts/application (Duration: 4.4ms | Allocations: 2399)
  Rendered layout layouts/application.html.erb (Duration: 7.5ms | Allocations: 3536)
Completed 200 OK in 12ms (Views: 8.1ms | ActiveRecord: 0.2ms | Allocations: 4492)


Started POST "/login" for ::1 at 2024-04-19 09:48:30 -0300
Processing by LoginController#create as TURBO_STREAM
  Parameters: {"authenticity_token"=>"[FILTERED]", "email"=>"weseupwpc@gmail.com", "password"=>"[FILTERED]", "commit"=>"Login"}
  [1m[36mUser Load (0.1ms)[0m  [1m[34mSELECT "users".* FROM "users" WHERE "users"."email" = $1 LIMIT $2[0m  [["email", "weseupwpc@gmail.com"], ["LIMIT", 1]]
  ↳ app/controllers/articles_controller.rb:92:in `create'
  Rendering layout layouts/application.html.erb
  Rendering login/index.html.erb within layouts/application
  Rendered login/_form.html.erb (Duration: 1.0ms | Allocations: 2309)
  Rendered login/index.html.erb within layouts/application (Duration: 1.4ms | Allocations: 2397)
  Rendered layout layouts/application.html.erb (Duration: 4.9ms | Allocations: 3535)
Completed 200 OK in 11ms (Views: 5.6ms | ActiveRecord: 0.1ms | Allocations: 4506)


Started POST "/login" for ::1 at 2024-04-19 09:48:30 -0300
Processing by LoginController#create as TURBO_STREAM
  Parameters: {"authenticity_token"=>"[FILTERED]", "email"=>"weseupwpc@gmail.com", "password"=>"[FILTERED]", "commit"=>"Login"}
  [1m[36mUser Load (0.1ms)[0m  [1m[34mSELECT "users".* FROM "users" WHERE "users"."email" = $1 LIMIT $2[0m  [["email", "weseupwpc@gmail.com"], ["LIMIT", 1]]
  ↳ app/controllers/articles_controller.rb:92:in `create'
  Rendering layout layouts/application.html.erb
  Rendering login/index.html.erb within layouts/application
  Rendered login/_form.html.erb (Duration: 1.0ms | Allocations: 2309)
  Rendered login/index.html.erb within layouts/application (Duration: 1.4ms | Allocations: 2397)
  Rendered layout layouts/application.html.erb (Duration: 5.3ms | Allocations: 3534)
Completed 200 OK in 11ms (Views: 7.0ms | ActiveRecord: 0.1ms | Allocations: 4499)


Started POST "/login" for ::1 at 2024-04-19 09:48:30 -0300
Processing by LoginController#create as TURBO_STREAM
  Parameters: {"authenticity_token"=>"[FILTERED]", "email"=>"weseupwpc@gmail.com", "password"=>"[FILTERED]", "commit"=>"Login"}
  [1m[36mUser Load (0.2ms)[0m  [1m[34mSELECT "users".* FROM "users" WHERE "users"."email" = $1 LIMIT $2[0m  [["email", "weseupwpc@gmail.com"], ["LIMIT", 1]]
  ↳ app/controllers/articles_controller.rb:92:in `create'
  Rendering layout layouts/application.html.erb
  Rendering login/index.html.erb within layouts/application
  Rendered login/_form.html.erb (Duration: 1.5ms | Allocations: 2309)
  Rendered login/index.html.erb within layouts/application (Duration: 2.1ms | Allocations: 2397)
  Rendered layout layouts/application.html.erb (Duration: 5.8ms | Allocations: 3534)
Completed 200 OK in 11ms (Views: 6.5ms | ActiveRecord: 0.2ms | Allocations: 4490)


Started POST "/login" for ::1 at 2024-04-19 09:48:30 -0300
Processing by LoginController#create as TURBO_STREAM
  Parameters: {"authenticity_token"=>"[FILTERED]", "email"=>"weseupwpc@gmail.com", "password"=>"[FILTERED]", "commit"=>"Login"}
  [1m[36mUser Load (0.1ms)[0m  [1m[34mSELECT "users".* FROM "users" WHERE "users"."email" = $1 LIMIT $2[0m  [["email", "weseupwpc@gmail.com"], ["LIMIT", 1]]
  ↳ app/controllers/articles_controller.rb:92:in `create'
  Rendering layout layouts/application.html.erb
  Rendering login/index.html.erb within layouts/application
  Rendered login/_form.html.erb (Duration: 2.9ms | Allocations: 2309)
  Rendered login/index.html.erb within layouts/application (Duration: 3.3ms | Allocations: 2397)
  Rendered layout layouts/application.html.erb (Duration: 6.8ms | Allocations: 3548)
Completed 200 OK in 11ms (Views: 7.5ms | ActiveRecord: 0.1ms | Allocations: 4498)


Started POST "/login" for ::1 at 2024-04-19 09:48:31 -0300
Processing by LoginController#create as TURBO_STREAM
  Parameters: {"authenticity_token"=>"[FILTERED]", "email"=>"weseupwpc@gmail.com", "password"=>"[FILTERED]", "commit"=>"Login"}
  [1m[36mUser Load (0.2ms)[0m  [1m[34mSELECT "users".* FROM "users" WHERE "users"."email" = $1 LIMIT $2[0m  [["email", "weseupwpc@gmail.com"], ["LIMIT", 1]]
  ↳ app/controllers/articles_controller.rb:92:in `create'
  Rendering layout layouts/application.html.erb
  Rendering login/index.html.erb within layouts/application
  Rendered login/_form.html.erb (Duration: 2.9ms | Allocations: 2309)
  Rendered login/index.html.erb within layouts/application (Duration: 3.5ms | Allocations: 2397)
  Rendered layout layouts/application.html.erb (Duration: 7.6ms | Allocations: 3539)
Completed 200 OK in 17ms (Views: 8.6ms | ActiveRecord: 0.2ms | Allocations: 4501)


Started GET "/login" for ::1 at 2024-04-19 09:50:13 -0300
  
Zeitwerk::NameError (expected file C:/Ruby32-x64/bin/blog/app/controllers/login_controller.rb to define constant LoginController, but didn't):
  
zeitwerk (2.6.13) lib/zeitwerk/loader/callbacks.rb:33:in `on_file_autoloaded'
zeitwerk (2.6.13) lib/zeitwerk/kernel.rb:27:in `require'
activesupport (7.1.3.2) lib/active_support/inflector/methods.rb:290:in `const_get'
activesupport (7.1.3.2) lib/active_support/inflector/methods.rb:290:in `constantize'
activesupport (7.1.3.2) lib/active_support/core_ext/string/inflections.rb:74:in `constantize'
actionpack (7.1.3.2) lib/action_dispatch/http/request.rb:90:in `controller_class_for'
actionpack (7.1.3.2) lib/action_dispatch/request/utils.rb:100:in `action_encoding_template'
actionpack (7.1.3.2) lib/action_dispatch/request/utils.rb:85:in `encode'
actionpack (7.1.3.2) lib/action_dispatch/request/utils.rb:45:in `set_binary_encoding'
actionpack (7.1.3.2) lib/action_dispatch/http/parameters.rb:68:in `path_parameters='
actionpack (7.1.3.2) lib/action_dispatch/journey/router.rb:48:in `block in serve'
actionpack (7.1.3.2) lib/action_dispatch/journey/router.rb:131:in `block in find_routes'
actionpack (7.1.3.2) lib/action_dispatch/journey/router.rb:124:in `each'
actionpack (7.1.3.2) lib/action_dispatch/journey/router.rb:124:in `find_routes'
actionpack (7.1.3.2) lib/action_dispatch/journey/router.rb:32:in `serve'
actionpack (7.1.3.2) lib/action_dispatch/routing/route_set.rb:882:in `call'
rack (3.0.10) lib/rack/tempfile_reaper.rb:20:in `call'
rack (3.0.10) lib/rack/etag.rb:29:in `call'
rack (3.0.10) lib/rack/conditional_get.rb:31:in `call'
rack (3.0.10) lib/rack/head.rb:15:in `call'
actionpack (7.1.3.2) lib/action_dispatch/http/permissions_policy.rb:36:in `call'
actionpack (7.1.3.2) lib/action_dispatch/http/content_security_policy.rb:33:in `call'
rack-session (2.0.0) lib/rack/session/abstract/id.rb:272:in `context'
rack-session (2.0.0) lib/rack/session/abstract/id.rb:266:in `call'
actionpack (7.1.3.2) lib/action_dispatch/middleware/cookies.rb:689:in `call'
activerecord (7.1.3.2) lib/active_record/migration.rb:655:in `call'
actionpack (7.1.3.2) lib/action_dispatch/middleware/callbacks.rb:29:in `block in call'
activesupport (7.1.3.2) lib/active_support/callbacks.rb:101:in `run_callbacks'
actionpack (7.1.3.2) lib/action_dispatch/middleware/callbacks.rb:28:in `call'
actionpack (7.1.3.2) lib/action_dispatch/middleware/executor.rb:14:in `call'
actionpack (7.1.3.2) lib/action_dispatch/middleware/actionable_exceptions.rb:16:in `call'
actionpack (7.1.3.2) lib/action_dispatch/middleware/debug_exceptions.rb:29:in `call'
web-console (4.2.1) lib/web_console/middleware.rb:132:in `call_app'
web-console (4.2.1) lib/web_console/middleware.rb:28:in `block in call'
web-console (4.2.1) lib/web_console/middleware.rb:17:in `catch'
web-console (4.2.1) lib/web_console/middleware.rb:17:in `call'
actionpack (7.1.3.2) lib/action_dispatch/middleware/show_exceptions.rb:31:in `call'
railties (7.1.3.2) lib/rails/rack/logger.rb:37:in `call_app'
railties (7.1.3.2) lib/rails/rack/logger.rb:24:in `block in call'
activesupport (7.1.3.2) lib/active_support/tagged_logging.rb:135:in `block in tagged'
activesupport (7.1.3.2) lib/active_support/tagged_logging.rb:39:in `tagged'
activesupport (7.1.3.2) lib/active_support/tagged_logging.rb:135:in `tagged'
activesupport (7.1.3.2) lib/active_support/broadcast_logger.rb:240:in `method_missing'
railties (7.1.3.2) lib/rails/rack/logger.rb:24:in `call'
sprockets-rails (3.4.2) lib/sprockets/rails/quiet_assets.rb:13:in `call'
actionpack (7.1.3.2) lib/action_dispatch/middleware/remote_ip.rb:92:in `call'
actionpack (7.1.3.2) lib/action_dispatch/middleware/request_id.rb:28:in `call'
rack (3.0.10) lib/rack/method_override.rb:28:in `call'
rack (3.0.10) lib/rack/runtime.rb:24:in `call'
activesupport (7.1.3.2) lib/active_support/cache/strategy/local_cache_middleware.rb:29:in `call'
actionpack (7.1.3.2) lib/action_dispatch/middleware/server_timing.rb:59:in `block in call'
actionpack (7.1.3.2) lib/action_dispatch/middleware/server_timing.rb:24:in `collect_events'
actionpack (7.1.3.2) lib/action_dispatch/middleware/server_timing.rb:58:in `call'
actionpack (7.1.3.2) lib/action_dispatch/middleware/executor.rb:14:in `call'
actionpack (7.1.3.2) lib/action_dispatch/middleware/static.rb:25:in `call'
rack (3.0.10) lib/rack/sendfile.rb:114:in `call'
actionpack (7.1.3.2) lib/action_dispatch/middleware/host_authorization.rb:141:in `call'
railties (7.1.3.2) lib/rails/engine.rb:536:in `call'
puma (6.4.2) lib/puma/configuration.rb:272:in `call'
puma (6.4.2) lib/puma/request.rb:100:in `block in handle_request'
puma (6.4.2) lib/puma/thread_pool.rb:378:in `with_force_shutdown'
puma (6.4.2) lib/puma/request.rb:99:in `handle_request'
puma (6.4.2) lib/puma/server.rb:464:in `process_client'
puma (6.4.2) lib/puma/server.rb:245:in `block in run'
puma (6.4.2) lib/puma/thread_pool.rb:155:in `block in spawn_thread'
Started GET "/" for ::1 at 2024-04-19 09:50:23 -0300
Processing by ArticlesController#index as HTML
  Rendering layout layouts/application.html.erb
  Rendering articles/index.html.erb within layouts/application
  Rendered articles/index.html.erb within layouts/application (Duration: 4.9ms | Allocations: 1221)
  Rendered layout layouts/application.html.erb (Duration: 6.2ms | Allocations: 1307)
Completed 500 Internal Server Error in 254ms (ActiveRecord: 26.4ms | Allocations: 5123)


  
ActionView::Template::Error (undefined method `each' for nil:NilClass):
    1: <h1>Articles</h1>
    2: 
    3: <ul>
    4:   <% @article.each do |article| %>
    5:     
    6:     <li>
    7:       <a href="/articles/<%= article.id %>">
  
app/views/articles/index.html.erb:4
Started GET "/" for ::1 at 2024-04-19 09:51:57 -0300
Processing by ArticlesController#index as HTML
  Rendering layout layouts/application.html.erb
  Rendering articles/index.html.erb within layouts/application
  Rendered articles/index.html.erb within layouts/application (Duration: 7.1ms | Allocations: 1194)
  Rendered layout layouts/application.html.erb (Duration: 8.7ms | Allocations: 1280)
Completed 500 Internal Server Error in 106ms (ActiveRecord: 20.8ms | Allocations: 4046)


  
ActionView::Template::Error (undefined method `each' for nil:NilClass):
    1: <h1>Articles</h1>
    2: 
    3: <ul>
    4:   <% @article.each do |article| %>
    5:     
    6:     <li>
    7:       <a href="/articles/<%= article.id %>">
  
app/views/articles/index.html.erb:4
Started GET "/" for ::1 at 2024-04-19 09:53:29 -0300
Processing by ArticlesController#index as HTML
  Rendering layout layouts/application.html.erb
  Rendering articles/index.html.erb within layouts/application
  [1m[36mArticle Load (16.4ms)[0m  [1m[34mSELECT "articles".* FROM "articles" ORDER BY "articles"."created_at" DESC LIMIT $1 OFFSET $2[0m  [["LIMIT", 3], ["OFFSET", 0]]
  ↳ app/views/articles/index.html.erb:4
  Rendered articles/index.html.erb within layouts/application (Duration: 79.5ms | Allocations: 889)
  Rendered layout layouts/application.html.erb (Duration: 225.4ms | Allocations: 15877)
Completed 200 OK in 707ms (Views: 221.8ms | ActiveRecord: 29.2ms | Allocations: 18663)


Started GET "/articles/new" for ::1 at 2024-04-19 09:53:33 -0300
Processing by ArticlesController#new as HTML
  [1m[36mUser Load (3.5ms)[0m  [1m[34mSELECT "users".* FROM "users" WHERE "users"."id" IS NULL LIMIT $1[0m  [["LIMIT", 1]]
  ↳ app/controllers/application_controller.rb:15:in `current_user'
Redirected to http://localhost:3000/login
Filter chain halted as :require_login rendered or redirected
Completed 302 Found in 43ms (ActiveRecord: 5.6ms | Allocations: 2577)


Started GET "/login" for ::1 at 2024-04-19 09:53:33 -0300
  
Zeitwerk::NameError (expected file C:/Ruby32-x64/bin/blog/app/controllers/login_controller.rb to define constant LoginController, but didn't):
  
zeitwerk (2.6.13) lib/zeitwerk/loader/callbacks.rb:33:in `on_file_autoloaded'
zeitwerk (2.6.13) lib/zeitwerk/kernel.rb:27:in `require'
activesupport (7.1.3.2) lib/active_support/inflector/methods.rb:290:in `const_get'
activesupport (7.1.3.2) lib/active_support/inflector/methods.rb:290:in `constantize'
activesupport (7.1.3.2) lib/active_support/core_ext/string/inflections.rb:74:in `constantize'
actionpack (7.1.3.2) lib/action_dispatch/http/request.rb:90:in `controller_class_for'
actionpack (7.1.3.2) lib/action_dispatch/request/utils.rb:100:in `action_encoding_template'
actionpack (7.1.3.2) lib/action_dispatch/request/utils.rb:85:in `encode'
actionpack (7.1.3.2) lib/action_dispatch/request/utils.rb:45:in `set_binary_encoding'
actionpack (7.1.3.2) lib/action_dispatch/http/parameters.rb:68:in `path_parameters='
actionpack (7.1.3.2) lib/action_dispatch/journey/router.rb:48:in `block in serve'
actionpack (7.1.3.2) lib/action_dispatch/journey/router.rb:131:in `block in find_routes'
actionpack (7.1.3.2) lib/action_dispatch/journey/router.rb:124:in `each'
actionpack (7.1.3.2) lib/action_dispatch/journey/router.rb:124:in `find_routes'
actionpack (7.1.3.2) lib/action_dispatch/journey/router.rb:32:in `serve'
actionpack (7.1.3.2) lib/action_dispatch/routing/route_set.rb:882:in `call'
rack (3.0.10) lib/rack/tempfile_reaper.rb:20:in `call'
rack (3.0.10) lib/rack/etag.rb:29:in `call'
rack (3.0.10) lib/rack/conditional_get.rb:31:in `call'
rack (3.0.10) lib/rack/head.rb:15:in `call'
actionpack (7.1.3.2) lib/action_dispatch/http/permissions_policy.rb:36:in `call'
actionpack (7.1.3.2) lib/action_dispatch/http/content_security_policy.rb:33:in `call'
rack-session (2.0.0) lib/rack/session/abstract/id.rb:272:in `context'
rack-session (2.0.0) lib/rack/session/abstract/id.rb:266:in `call'
actionpack (7.1.3.2) lib/action_dispatch/middleware/cookies.rb:689:in `call'
activerecord (7.1.3.2) lib/active_record/migration.rb:655:in `call'
actionpack (7.1.3.2) lib/action_dispatch/middleware/callbacks.rb:29:in `block in call'
activesupport (7.1.3.2) lib/active_support/callbacks.rb:101:in `run_callbacks'
actionpack (7.1.3.2) lib/action_dispatch/middleware/callbacks.rb:28:in `call'
actionpack (7.1.3.2) lib/action_dispatch/middleware/executor.rb:14:in `call'
actionpack (7.1.3.2) lib/action_dispatch/middleware/actionable_exceptions.rb:16:in `call'
actionpack (7.1.3.2) lib/action_dispatch/middleware/debug_exceptions.rb:29:in `call'
web-console (4.2.1) lib/web_console/middleware.rb:132:in `call_app'
web-console (4.2.1) lib/web_console/middleware.rb:28:in `block in call'
web-console (4.2.1) lib/web_console/middleware.rb:17:in `catch'
web-console (4.2.1) lib/web_console/middleware.rb:17:in `call'
actionpack (7.1.3.2) lib/action_dispatch/middleware/show_exceptions.rb:31:in `call'
railties (7.1.3.2) lib/rails/rack/logger.rb:37:in `call_app'
railties (7.1.3.2) lib/rails/rack/logger.rb:24:in `block in call'
activesupport (7.1.3.2) lib/active_support/tagged_logging.rb:135:in `block in tagged'
activesupport (7.1.3.2) lib/active_support/tagged_logging.rb:39:in `tagged'
activesupport (7.1.3.2) lib/active_support/tagged_logging.rb:135:in `tagged'
activesupport (7.1.3.2) lib/active_support/broadcast_logger.rb:240:in `method_missing'
railties (7.1.3.2) lib/rails/rack/logger.rb:24:in `call'
sprockets-rails (3.4.2) lib/sprockets/rails/quiet_assets.rb:13:in `call'
actionpack (7.1.3.2) lib/action_dispatch/middleware/remote_ip.rb:92:in `call'
actionpack (7.1.3.2) lib/action_dispatch/middleware/request_id.rb:28:in `call'
rack (3.0.10) lib/rack/method_override.rb:28:in `call'
rack (3.0.10) lib/rack/runtime.rb:24:in `call'
activesupport (7.1.3.2) lib/active_support/cache/strategy/local_cache_middleware.rb:29:in `call'
actionpack (7.1.3.2) lib/action_dispatch/middleware/server_timing.rb:59:in `block in call'
actionpack (7.1.3.2) lib/action_dispatch/middleware/server_timing.rb:24:in `collect_events'
actionpack (7.1.3.2) lib/action_dispatch/middleware/server_timing.rb:58:in `call'
actionpack (7.1.3.2) lib/action_dispatch/middleware/executor.rb:14:in `call'
actionpack (7.1.3.2) lib/action_dispatch/middleware/static.rb:25:in `call'
rack (3.0.10) lib/rack/sendfile.rb:114:in `call'
actionpack (7.1.3.2) lib/action_dispatch/middleware/host_authorization.rb:141:in `call'
railties (7.1.3.2) lib/rails/engine.rb:536:in `call'
puma (6.4.2) lib/puma/configuration.rb:272:in `call'
puma (6.4.2) lib/puma/request.rb:100:in `block in handle_request'
puma (6.4.2) lib/puma/thread_pool.rb:378:in `with_force_shutdown'
puma (6.4.2) lib/puma/request.rb:99:in `handle_request'
puma (6.4.2) lib/puma/server.rb:464:in `process_client'
puma (6.4.2) lib/puma/server.rb:245:in `block in run'
puma (6.4.2) lib/puma/thread_pool.rb:155:in `block in spawn_thread'
Started GET "/" for ::1 at 2024-04-19 09:53:35 -0300
Processing by ArticlesController#index as HTML
  Rendering layout layouts/application.html.erb
  Rendering articles/index.html.erb within layouts/application
  [1m[36mArticle Load (0.4ms)[0m  [1m[34mSELECT "articles".* FROM "articles" ORDER BY "articles"."created_at" DESC LIMIT $1 OFFSET $2[0m  [["LIMIT", 3], ["OFFSET", 0]]
  ↳ app/views/articles/index.html.erb:4
  Rendered articles/index.html.erb within layouts/application (Duration: 3.6ms | Allocations: 541)
  Rendered layout layouts/application.html.erb (Duration: 12.1ms | Allocations: 1976)
Completed 200 OK in 15ms (Views: 12.6ms | ActiveRecord: 0.4ms | Allocations: 2332)


Started GET "/articles/new" for ::1 at 2024-04-19 09:53:39 -0300
Processing by ArticlesController#new as HTML
  [1m[36mUser Load (0.4ms)[0m  [1m[34mSELECT "users".* FROM "users" WHERE "users"."id" IS NULL LIMIT $1[0m  [["LIMIT", 1]]
  ↳ app/controllers/application_controller.rb:15:in `current_user'
Redirected to http://localhost:3000/login
Filter chain halted as :require_login rendered or redirected
Completed 302 Found in 11ms (ActiveRecord: 0.4ms | Allocations: 986)


Started GET "/login" for ::1 at 2024-04-19 09:53:39 -0300
  
ActionController::RoutingError (uninitialized constant LoginController):
  
Started GET "/" for ::1 at 2024-04-19 09:53:41 -0300
Processing by ArticlesController#index as HTML
  Rendering layout layouts/application.html.erb
  Rendering articles/index.html.erb within layouts/application
  [1m[36mArticle Load (0.2ms)[0m  [1m[34mSELECT "articles".* FROM "articles" ORDER BY "articles"."created_at" DESC LIMIT $1 OFFSET $2[0m  [["LIMIT", 3], ["OFFSET", 0]]
  ↳ app/views/articles/index.html.erb:4
  Rendered articles/index.html.erb within layouts/application (Duration: 2.4ms | Allocations: 540)
  Rendered layout layouts/application.html.erb (Duration: 6.6ms | Allocations: 1975)
Completed 200 OK in 10ms (Views: 7.0ms | ActiveRecord: 0.2ms | Allocations: 2348)


Started GET "/register" for ::1 at 2024-04-19 09:53:41 -0300
Processing by RegisterController#index as HTML
  Rendering layout layouts/application.html.erb
  Rendering register/index.html.erb within layouts/application
  Rendered register/_new.html.erb (Duration: 19.9ms | Allocations: 5054)
  Rendered register/index.html.erb within layouts/application (Duration: 22.5ms | Allocations: 5344)
  Rendered layout layouts/application.html.erb (Duration: 31.4ms | Allocations: 6488)
Completed 200 OK in 38ms (Views: 34.4ms | ActiveRecord: 0.0ms | Allocations: 7016)


Started GET "/login" for ::1 at 2024-04-19 09:53:44 -0300
  
ActionController::RoutingError (uninitialized constant LoginController):
  
Started GET "/register" for ::1 at 2024-04-19 09:53:46 -0300
Processing by RegisterController#index as HTML
  Rendering layout layouts/application.html.erb
  Rendering register/index.html.erb within layouts/application
  Rendered register/_new.html.erb (Duration: 8.1ms | Allocations: 4583)
  Rendered register/index.html.erb within layouts/application (Duration: 8.7ms | Allocations: 4667)
  Rendered layout layouts/application.html.erb (Duration: 12.7ms | Allocations: 5808)
Completed 200 OK in 16ms (Views: 13.7ms | ActiveRecord: 0.0ms | Allocations: 6070)


Started GET "/login" for ::1 at 2024-04-19 09:53:47 -0300
  
ActionController::RoutingError (uninitialized constant LoginController):
  
Started GET "/register" for ::1 at 2024-04-19 09:53:49 -0300
Processing by RegisterController#index as HTML
  Rendering layout layouts/application.html.erb
  Rendering register/index.html.erb within layouts/application
  Rendered register/_new.html.erb (Duration: 3.7ms | Allocations: 4580)
  Rendered register/index.html.erb within layouts/application (Duration: 4.1ms | Allocations: 4664)
  Rendered layout layouts/application.html.erb (Duration: 11.1ms | Allocations: 5819)
Completed 200 OK in 15ms (Views: 12.8ms | ActiveRecord: 0.0ms | Allocations: 6081)


Started GET "/login" for ::1 at 2024-04-19 09:53:51 -0300
  
ActionController::RoutingError (uninitialized constant LoginController):
  
Started GET "/login" for ::1 at 2024-04-19 09:53:52 -0300
  
ActionController::RoutingError (uninitialized constant LoginController):
  
Started GET "/register" for ::1 at 2024-04-19 09:54:05 -0300
Processing by RegisterController#index as HTML
  Rendering layout layouts/application.html.erb
  Rendering register/index.html.erb within layouts/application
  Rendered register/_new.html.erb (Duration: 70.5ms | Allocations: 4589)
  Rendered register/index.html.erb within layouts/application (Duration: 71.2ms | Allocations: 4673)
  Rendered layout layouts/application.html.erb (Duration: 78.7ms | Allocations: 5828)
Completed 200 OK in 81ms (Views: 79.7ms | ActiveRecord: 0.0ms | Allocations: 6090)


Started GET "/login" for ::1 at 2024-04-19 09:54:06 -0300
  
ActionController::RoutingError (uninitialized constant LoginController):
  
Started GET "/login" for ::1 at 2024-04-19 09:56:31 -0300
  
Zeitwerk::NameError (expected file C:/Ruby32-x64/bin/blog/app/controllers/login_controller.rb to define constant LoginController, but didn't):
  
zeitwerk (2.6.13) lib/zeitwerk/loader/callbacks.rb:33:in `on_file_autoloaded'
zeitwerk (2.6.13) lib/zeitwerk/kernel.rb:27:in `require'
activesupport (7.1.3.2) lib/active_support/inflector/methods.rb:290:in `const_get'
activesupport (7.1.3.2) lib/active_support/inflector/methods.rb:290:in `constantize'
activesupport (7.1.3.2) lib/active_support/core_ext/string/inflections.rb:74:in `constantize'
actionpack (7.1.3.2) lib/action_dispatch/http/request.rb:90:in `controller_class_for'
actionpack (7.1.3.2) lib/action_dispatch/request/utils.rb:100:in `action_encoding_template'
actionpack (7.1.3.2) lib/action_dispatch/request/utils.rb:85:in `encode'
actionpack (7.1.3.2) lib/action_dispatch/request/utils.rb:45:in `set_binary_encoding'
actionpack (7.1.3.2) lib/action_dispatch/http/parameters.rb:68:in `path_parameters='
actionpack (7.1.3.2) lib/action_dispatch/journey/router.rb:48:in `block in serve'
actionpack (7.1.3.2) lib/action_dispatch/journey/router.rb:131:in `block in find_routes'
actionpack (7.1.3.2) lib/action_dispatch/journey/router.rb:124:in `each'
actionpack (7.1.3.2) lib/action_dispatch/journey/router.rb:124:in `find_routes'
actionpack (7.1.3.2) lib/action_dispatch/journey/router.rb:32:in `serve'
actionpack (7.1.3.2) lib/action_dispatch/routing/route_set.rb:882:in `call'
rack (3.0.10) lib/rack/tempfile_reaper.rb:20:in `call'
rack (3.0.10) lib/rack/etag.rb:29:in `call'
rack (3.0.10) lib/rack/conditional_get.rb:31:in `call'
rack (3.0.10) lib/rack/head.rb:15:in `call'
actionpack (7.1.3.2) lib/action_dispatch/http/permissions_policy.rb:36:in `call'
actionpack (7.1.3.2) lib/action_dispatch/http/content_security_policy.rb:33:in `call'
rack-session (2.0.0) lib/rack/session/abstract/id.rb:272:in `context'
rack-session (2.0.0) lib/rack/session/abstract/id.rb:266:in `call'
actionpack (7.1.3.2) lib/action_dispatch/middleware/cookies.rb:689:in `call'
activerecord (7.1.3.2) lib/active_record/migration.rb:655:in `call'
actionpack (7.1.3.2) lib/action_dispatch/middleware/callbacks.rb:29:in `block in call'
activesupport (7.1.3.2) lib/active_support/callbacks.rb:101:in `run_callbacks'
actionpack (7.1.3.2) lib/action_dispatch/middleware/callbacks.rb:28:in `call'
actionpack (7.1.3.2) lib/action_dispatch/middleware/executor.rb:14:in `call'
actionpack (7.1.3.2) lib/action_dispatch/middleware/actionable_exceptions.rb:16:in `call'
actionpack (7.1.3.2) lib/action_dispatch/middleware/debug_exceptions.rb:29:in `call'
web-console (4.2.1) lib/web_console/middleware.rb:132:in `call_app'
web-console (4.2.1) lib/web_console/middleware.rb:28:in `block in call'
web-console (4.2.1) lib/web_console/middleware.rb:17:in `catch'
web-console (4.2.1) lib/web_console/middleware.rb:17:in `call'
actionpack (7.1.3.2) lib/action_dispatch/middleware/show_exceptions.rb:31:in `call'
railties (7.1.3.2) lib/rails/rack/logger.rb:37:in `call_app'
railties (7.1.3.2) lib/rails/rack/logger.rb:24:in `block in call'
activesupport (7.1.3.2) lib/active_support/tagged_logging.rb:135:in `block in tagged'
activesupport (7.1.3.2) lib/active_support/tagged_logging.rb:39:in `tagged'
activesupport (7.1.3.2) lib/active_support/tagged_logging.rb:135:in `tagged'
activesupport (7.1.3.2) lib/active_support/broadcast_logger.rb:240:in `method_missing'
railties (7.1.3.2) lib/rails/rack/logger.rb:24:in `call'
sprockets-rails (3.4.2) lib/sprockets/rails/quiet_assets.rb:13:in `call'
actionpack (7.1.3.2) lib/action_dispatch/middleware/remote_ip.rb:92:in `call'
actionpack (7.1.3.2) lib/action_dispatch/middleware/request_id.rb:28:in `call'
rack (3.0.10) lib/rack/method_override.rb:28:in `call'
rack (3.0.10) lib/rack/runtime.rb:24:in `call'
activesupport (7.1.3.2) lib/active_support/cache/strategy/local_cache_middleware.rb:29:in `call'
actionpack (7.1.3.2) lib/action_dispatch/middleware/server_timing.rb:59:in `block in call'
actionpack (7.1.3.2) lib/action_dispatch/middleware/server_timing.rb:24:in `collect_events'
actionpack (7.1.3.2) lib/action_dispatch/middleware/server_timing.rb:58:in `call'
actionpack (7.1.3.2) lib/action_dispatch/middleware/executor.rb:14:in `call'
actionpack (7.1.3.2) lib/action_dispatch/middleware/static.rb:25:in `call'
rack (3.0.10) lib/rack/sendfile.rb:114:in `call'
actionpack (7.1.3.2) lib/action_dispatch/middleware/host_authorization.rb:141:in `call'
railties (7.1.3.2) lib/rails/engine.rb:536:in `call'
puma (6.4.2) lib/puma/configuration.rb:272:in `call'
puma (6.4.2) lib/puma/request.rb:100:in `block in handle_request'
puma (6.4.2) lib/puma/thread_pool.rb:378:in `with_force_shutdown'
puma (6.4.2) lib/puma/request.rb:99:in `handle_request'
puma (6.4.2) lib/puma/server.rb:464:in `process_client'
puma (6.4.2) lib/puma/server.rb:245:in `block in run'
puma (6.4.2) lib/puma/thread_pool.rb:155:in `block in spawn_thread'
Started GET "/login" for ::1 at 2024-04-19 09:58:15 -0300
  
Zeitwerk::NameError (expected file C:/Ruby32-x64/bin/blog/app/controllers/login_controller.rb to define constant LoginController, but didn't):
  
zeitwerk (2.6.13) lib/zeitwerk/loader/callbacks.rb:33:in `on_file_autoloaded'
zeitwerk (2.6.13) lib/zeitwerk/kernel.rb:27:in `require'
activesupport (7.1.3.2) lib/active_support/inflector/methods.rb:290:in `const_get'
activesupport (7.1.3.2) lib/active_support/inflector/methods.rb:290:in `constantize'
activesupport (7.1.3.2) lib/active_support/core_ext/string/inflections.rb:74:in `constantize'
actionpack (7.1.3.2) lib/action_dispatch/http/request.rb:90:in `controller_class_for'
actionpack (7.1.3.2) lib/action_dispatch/request/utils.rb:100:in `action_encoding_template'
actionpack (7.1.3.2) lib/action_dispatch/request/utils.rb:85:in `encode'
actionpack (7.1.3.2) lib/action_dispatch/request/utils.rb:45:in `set_binary_encoding'
actionpack (7.1.3.2) lib/action_dispatch/http/parameters.rb:68:in `path_parameters='
actionpack (7.1.3.2) lib/action_dispatch/journey/router.rb:48:in `block in serve'
actionpack (7.1.3.2) lib/action_dispatch/journey/router.rb:131:in `block in find_routes'
actionpack (7.1.3.2) lib/action_dispatch/journey/router.rb:124:in `each'
actionpack (7.1.3.2) lib/action_dispatch/journey/router.rb:124:in `find_routes'
actionpack (7.1.3.2) lib/action_dispatch/journey/router.rb:32:in `serve'
actionpack (7.1.3.2) lib/action_dispatch/routing/route_set.rb:882:in `call'
rack (3.0.10) lib/rack/tempfile_reaper.rb:20:in `call'
rack (3.0.10) lib/rack/etag.rb:29:in `call'
rack (3.0.10) lib/rack/conditional_get.rb:31:in `call'
rack (3.0.10) lib/rack/head.rb:15:in `call'
actionpack (7.1.3.2) lib/action_dispatch/http/permissions_policy.rb:36:in `call'
actionpack (7.1.3.2) lib/action_dispatch/http/content_security_policy.rb:33:in `call'
rack-session (2.0.0) lib/rack/session/abstract/id.rb:272:in `context'
rack-session (2.0.0) lib/rack/session/abstract/id.rb:266:in `call'
actionpack (7.1.3.2) lib/action_dispatch/middleware/cookies.rb:689:in `call'
activerecord (7.1.3.2) lib/active_record/migration.rb:655:in `call'
actionpack (7.1.3.2) lib/action_dispatch/middleware/callbacks.rb:29:in `block in call'
activesupport (7.1.3.2) lib/active_support/callbacks.rb:101:in `run_callbacks'
actionpack (7.1.3.2) lib/action_dispatch/middleware/callbacks.rb:28:in `call'
actionpack (7.1.3.2) lib/action_dispatch/middleware/executor.rb:14:in `call'
actionpack (7.1.3.2) lib/action_dispatch/middleware/actionable_exceptions.rb:16:in `call'
actionpack (7.1.3.2) lib/action_dispatch/middleware/debug_exceptions.rb:29:in `call'
web-console (4.2.1) lib/web_console/middleware.rb:132:in `call_app'
web-console (4.2.1) lib/web_console/middleware.rb:28:in `block in call'
web-console (4.2.1) lib/web_console/middleware.rb:17:in `catch'
web-console (4.2.1) lib/web_console/middleware.rb:17:in `call'
actionpack (7.1.3.2) lib/action_dispatch/middleware/show_exceptions.rb:31:in `call'
railties (7.1.3.2) lib/rails/rack/logger.rb:37:in `call_app'
railties (7.1.3.2) lib/rails/rack/logger.rb:24:in `block in call'
activesupport (7.1.3.2) lib/active_support/tagged_logging.rb:135:in `block in tagged'
activesupport (7.1.3.2) lib/active_support/tagged_logging.rb:39:in `tagged'
activesupport (7.1.3.2) lib/active_support/tagged_logging.rb:135:in `tagged'
activesupport (7.1.3.2) lib/active_support/broadcast_logger.rb:240:in `method_missing'
railties (7.1.3.2) lib/rails/rack/logger.rb:24:in `call'
sprockets-rails (3.4.2) lib/sprockets/rails/quiet_assets.rb:13:in `call'
actionpack (7.1.3.2) lib/action_dispatch/middleware/remote_ip.rb:92:in `call'
actionpack (7.1.3.2) lib/action_dispatch/middleware/request_id.rb:28:in `call'
rack (3.0.10) lib/rack/method_override.rb:28:in `call'
rack (3.0.10) lib/rack/runtime.rb:24:in `call'
activesupport (7.1.3.2) lib/active_support/cache/strategy/local_cache_middleware.rb:29:in `call'
actionpack (7.1.3.2) lib/action_dispatch/middleware/server_timing.rb:59:in `block in call'
actionpack (7.1.3.2) lib/action_dispatch/middleware/server_timing.rb:24:in `collect_events'
actionpack (7.1.3.2) lib/action_dispatch/middleware/server_timing.rb:58:in `call'
actionpack (7.1.3.2) lib/action_dispatch/middleware/executor.rb:14:in `call'
actionpack (7.1.3.2) lib/action_dispatch/middleware/static.rb:25:in `call'
rack (3.0.10) lib/rack/sendfile.rb:114:in `call'
actionpack (7.1.3.2) lib/action_dispatch/middleware/host_authorization.rb:141:in `call'
railties (7.1.3.2) lib/rails/engine.rb:536:in `call'
puma (6.4.2) lib/puma/configuration.rb:272:in `call'
puma (6.4.2) lib/puma/request.rb:100:in `block in handle_request'
puma (6.4.2) lib/puma/thread_pool.rb:378:in `with_force_shutdown'
puma (6.4.2) lib/puma/request.rb:99:in `handle_request'
puma (6.4.2) lib/puma/server.rb:464:in `process_client'
puma (6.4.2) lib/puma/server.rb:245:in `block in run'
puma (6.4.2) lib/puma/thread_pool.rb:155:in `block in spawn_thread'
Started GET "/login" for ::1 at 2024-04-19 10:00:20 -0300
Processing by LoginController#index as HTML
  Rendering layout layouts/application.html.erb
  Rendering login/index.html.erb within layouts/application
  Rendered login/index.html.erb within layouts/application (Duration: 246.0ms | Allocations: 2688)
  Rendered layout layouts/application.html.erb (Duration: 374.7ms | Allocations: 17411)
Completed 200 OK in 437ms (Views: 400.0ms | ActiveRecord: 0.0ms | Allocations: 18387)


Started POST "/login" for ::1 at 2024-04-19 10:00:24 -0300
Processing by LoginController#create as TURBO_STREAM
  Parameters: {"authenticity_token"=>"[FILTERED]", "email"=>"weseupwpc@gmail.com", "password"=>"[FILTERED]", "commit"=>"Login"}
  [1m[36mUser Load (1.7ms)[0m  [1m[34mSELECT "users".* FROM "users" WHERE "users"."email" = $1 LIMIT $2[0m  [["email", "weseupwpc@gmail.com"], ["LIMIT", 1]]
  ↳ app/controllers/login_controller.rb:9:in `create'
Completed 500 Internal Server Error in 192ms (ActiveRecord: 32.4ms | Allocations: 3560)


  
ActionView::MissingTemplate (Missing template login/new, application/new with {:locale=>[:en], :formats=>[:turbo_stream, :html], :variants=>[], :handlers=>[:raw, :erb, :html, :builder, :ruby, :jbuilder]}.

Searched in:
  * "C:/Ruby32-x64/bin/blog/app/views"
  * "C:/Ruby32-x64/lib/ruby/gems/3.2.0/gems/turbo-rails-2.0.5/app/views"
  * "C:/Ruby32-x64/lib/ruby/gems/3.2.0/gems/actiontext-7.1.3.2/app/views"
  * "C:/Ruby32-x64/lib/ruby/gems/3.2.0/gems/actionmailbox-7.1.3.2/app/views"
):
  
app/controllers/login_controller.rb:15:in `create'
Started GET "/register" for ::1 at 2024-04-19 10:00:30 -0300
Processing by RegisterController#index as HTML
  Rendering layout layouts/application.html.erb
  Rendering register/index.html.erb within layouts/application
  Rendered register/_new.html.erb (Duration: 8.7ms | Allocations: 4987)
  Rendered register/index.html.erb within layouts/application (Duration: 12.1ms | Allocations: 5276)
  Rendered layout layouts/application.html.erb (Duration: 27.1ms | Allocations: 6434)
Completed 200 OK in 34ms (Views: 31.0ms | ActiveRecord: 0.0ms | Allocations: 6963)


Started GET "/register" for ::1 at 2024-04-19 10:00:30 -0300
Processing by RegisterController#index as HTML
  Rendering layout layouts/application.html.erb
  Rendering register/index.html.erb within layouts/application
  Rendered register/_new.html.erb (Duration: 2.3ms | Allocations: 4590)
  Rendered register/index.html.erb within layouts/application (Duration: 2.7ms | Allocations: 4674)
  Rendered layout layouts/application.html.erb (Duration: 5.9ms | Allocations: 5815)
Completed 200 OK in 11ms (Views: 6.7ms | ActiveRecord: 0.0ms | Allocations: 6077)


Started GET "/r" for ::1 at 2024-04-19 10:00:36 -0300
  
ActionController::RoutingError (No route matches [GET] "/r"):
  
Started GET "/" for ::1 at 2024-04-19 10:00:39 -0300
Processing by ArticlesController#index as HTML
  Rendering layout layouts/application.html.erb
  Rendering articles/index.html.erb within layouts/application
  [1m[36mArticle Load (5.0ms)[0m  [1m[34mSELECT "articles".* FROM "articles" ORDER BY "articles"."created_at" DESC LIMIT $1 OFFSET $2[0m  [["LIMIT", 3], ["OFFSET", 0]]
  ↳ app/views/articles/index.html.erb:4
  Rendered articles/index.html.erb within layouts/application (Duration: 8.6ms | Allocations: 816)
  Rendered layout layouts/application.html.erb (Duration: 13.2ms | Allocations: 2242)
Completed 200 OK in 36ms (Views: 11.2ms | ActiveRecord: 7.5ms | Allocations: 4338)


Started GET "/" for ::1 at 2024-04-19 10:00:42 -0300
Processing by ArticlesController#index as HTML
  Rendering layout layouts/application.html.erb
  Rendering articles/index.html.erb within layouts/application
  [1m[36mArticle Load (0.4ms)[0m  [1m[34mSELECT "articles".* FROM "articles" ORDER BY "articles"."created_at" DESC LIMIT $1 OFFSET $2[0m  [["LIMIT", 3], ["OFFSET", 0]]
  ↳ app/views/articles/index.html.erb:4
  Rendered articles/index.html.erb within layouts/application (Duration: 3.7ms | Allocations: 540)
  Rendered layout layouts/application.html.erb (Duration: 8.1ms | Allocations: 1948)
Completed 200 OK in 11ms (Views: 8.6ms | ActiveRecord: 0.4ms | Allocations: 2304)


Started GET "/" for ::1 at 2024-04-19 10:00:50 -0300
Processing by ArticlesController#index as HTML
  Rendering layout layouts/application.html.erb
  Rendering articles/index.html.erb within layouts/application
  [1m[36mArticle Load (1.4ms)[0m  [1m[34mSELECT "articles".* FROM "articles" ORDER BY "articles"."created_at" DESC LIMIT $1 OFFSET $2[0m  [["LIMIT", 3], ["OFFSET", 0]]
  ↳ app/views/articles/index.html.erb:4
  Rendered articles/index.html.erb within layouts/application (Duration: 3.5ms | Allocations: 540)
  Rendered layout layouts/application.html.erb (Duration: 8.9ms | Allocations: 1939)
Completed 200 OK in 12ms (Views: 8.3ms | ActiveRecord: 1.4ms | Allocations: 2295)


